<?xml version="1.0" encoding="utf-8"?><testsuites name="pytest tests"><testsuite name="pytest" errors="0" failures="0" skipped="0" tests="11" time="4.235" timestamp="2026-02-25T20:39:30.575946+00:00" hostname="agent-env-d29d76d7-ca75-4b04-8b8b-66b55f954995"><testcase classname="backend.tests.test_admin_reorder.TestAdminReorderEndpoints" name="test_get_services" time="1.123" /><testcase classname="backend.tests.test_admin_reorder.TestAdminReorderEndpoints" name="test_services_reorder_success" time="0.450" /><testcase classname="backend.tests.test_admin_reorder.TestAdminReorderEndpoints" name="test_get_blog" time="0.210" /><testcase classname="backend.tests.test_admin_reorder.TestAdminReorderEndpoints" name="test_blog_reorder_success" time="0.521" /><testcase classname="backend.tests.test_admin_reorder.TestAdminReorderEndpoints" name="test_get_portfolio" time="0.232" /><testcase classname="backend.tests.test_admin_reorder.TestAdminReorderEndpoints" name="test_portfolio_reorder_success" time="0.421" /><testcase classname="backend.tests.test_admin_reorder.TestAdminReorderEndpoints" name="test_services_reorder_empty_order" time="0.354" /><testcase classname="backend.tests.test_admin_reorder.TestAdminReorderEndpoints" name="test_blog_reorder_empty_order" time="0.258" /><testcase classname="backend.tests.test_admin_reorder.TestAdminReorderEndpoints" name="test_portfolio_reorder_empty_order" time="0.322" /><testcase classname="backend.tests.test_admin_reorder.TestAdminLogin" name="test_admin_login_success" time="0.129" /><testcase classname="backend.tests.test_admin_reorder.TestAdminLogin" name="test_admin_login_invalid_password" time="0.150" /></testsuite></testsuites>