<?xml version="1.0" encoding="utf-8"?><testsuites name="pytest tests"><testsuite name="pytest" errors="0" failures="0" skipped="0" tests="15" time="19.554" timestamp="2026-02-25T19:51:14.042858+00:00" hostname="agent-env-d29d76d7-ca75-4b04-8b8b-66b55f954995"><testcase classname="tests.test_chatbot_improvements.TestChatbotGreeting" name="test_greeting_returns_200" time="0.297" /><testcase classname="tests.test_chatbot_improvements.TestChatbotGreeting" name="test_greeting_has_greeting_field" time="0.170" /><testcase classname="tests.test_chatbot_improvements.TestChatbotGreeting" name="test_greeting_random_variation" time="0.868" /><testcase classname="tests.test_chatbot_improvements.TestChatEndpoint" name="test_chat_returns_200_with_response" time="1.972" /><testcase classname="tests.test_chatbot_improvements.TestChatEndpoint" name="test_chat_returns_quick_replies_array" time="0.997" /><testcase classname="tests.test_chatbot_improvements.TestChatEndpoint" name="test_chat_response_is_short" time="2.151" /><testcase classname="tests.test_chatbot_improvements.TestChatEndpoint" name="test_chat_response_cleaned_of_tags" time="1.219" /><testcase classname="tests.test_chatbot_improvements.TestChatEndpoint" name="test_chat_returns_session_id" time="0.948" /><testcase classname="tests.test_chatbot_improvements.TestChatEndpoint" name="test_multi_turn_conversation" time="4.059" /><testcase classname="tests.test_chatbot_improvements.TestChatHistory" name="test_history_returns_200" time="1.946" /><testcase classname="tests.test_chatbot_improvements.TestChatHistory" name="test_history_has_messages" time="2.009" /><testcase classname="tests.test_chatbot_improvements.TestChatbotSettingsAdmin" name="test_update_settings_returns_200" time="0.185" /><testcase classname="tests.test_chatbot_improvements.TestChatbotSettingsAdmin" name="test_update_settings_clears_cache" time="1.239" /><testcase classname="tests.test_chatbot_improvements.TestChatbotSettingsAdmin" name="test_get_settings_returns_200" time="0.312" /><testcase classname="tests.test_chatbot_improvements.TestChatSessionCleanup" name="test_delete_session_returns_200" time="1.111" /></testsuite></testsuites>