<?xml version="1.0" encoding="utf-8"?><testsuites name="pytest tests"><testsuite name="pytest" errors="0" failures="0" skipped="0" tests="14" time="7.452" timestamp="2026-02-25T18:58:29.334517+00:00" hostname="agent-env-d29d76d7-ca75-4b04-8b8b-66b55f954995"><testcase classname="backend.tests.test_chatbot_features.TestChatbotGreetingEndpoint" name="test_get_greeting_returns_200" time="0.274" /><testcase classname="backend.tests.test_chatbot_features.TestChatbotGreetingEndpoint" name="test_greeting_has_required_field" time="0.183" /><testcase classname="backend.tests.test_chatbot_features.TestChatbotGreetingEndpoint" name="test_greeting_is_random" time="0.758" /><testcase classname="backend.tests.test_chatbot_features.TestChatbotSettingsAuth" name="test_get_settings_requires_auth" time="0.117" /><testcase classname="backend.tests.test_chatbot_features.TestChatbotSettingsAuth" name="test_put_settings_requires_auth" time="0.130" /><testcase classname="backend.tests.test_chatbot_features.TestChatbotSettingsWithAuth" name="test_get_settings_with_auth" time="0.245" /><testcase classname="backend.tests.test_chatbot_features.TestChatbotSettingsWithAuth" name="test_settings_structure" time="0.236" /><testcase classname="backend.tests.test_chatbot_features.TestChatbotSettingsWithAuth" name="test_update_settings_greetings" time="0.815" /><testcase classname="backend.tests.test_chatbot_features.TestChatbotSettingsWithAuth" name="test_update_settings_knowledge_base" time="0.395" /><testcase classname="backend.tests.test_chatbot_features.TestChatbotSettingsWithAuth" name="test_update_settings_personality" time="0.397" /><testcase classname="backend.tests.test_chatbot_features.TestChatEndpoint" name="test_chat_endpoint_exists" time="1.714" /><testcase classname="backend.tests.test_chatbot_features.TestChatEndpoint" name="test_chat_returns_response" time="1.868" /><testcase classname="backend.tests.test_chatbot_features.TestChatHistoryEndpoint" name="test_chat_history_endpoint_exists" time="0.132" /><testcase classname="backend.tests.test_chatbot_features.TestChatHistoryEndpoint" name="test_chat_history_structure" time="0.123" /></testsuite></testsuites>