<?xml version="1.0" encoding="utf-8"?><testsuites name="pytest tests"><testsuite name="pytest" errors="0" failures="0" skipped="0" tests="10" time="1.933" timestamp="2026-03-04T04:13:57.668871+00:00" hostname="agent-env-ef18e859-068b-4343-9ca6-b82b56a73cba"><testcase classname="backend.tests.test_iteration25_currency_external_links.TestGeoCurrencyEndpoint" name="test_geo_currency_returns_valid_response" time="0.354" /><testcase classname="backend.tests.test_iteration25_currency_external_links.TestGeoCurrencyEndpoint" name="test_geo_currency_returns_all_supported_currencies" time="0.124" /><testcase classname="backend.tests.test_iteration25_currency_external_links.TestCurrencyRatesEndpoint" name="test_currency_rates_returns_valid_response" time="0.120" /><testcase classname="backend.tests.test_iteration25_currency_external_links.TestCurrencyRatesEndpoint" name="test_currency_rates_has_all_major_currencies" time="0.150" /><testcase classname="backend.tests.test_iteration25_currency_external_links.TestProductsEndpoint" name="test_products_endpoint_returns_list" time="0.123" /><testcase classname="backend.tests.test_iteration25_currency_external_links.TestProductsEndpoint" name="test_products_have_required_fields" time="0.119" /><testcase classname="backend.tests.test_iteration25_currency_external_links.TestProductsEndpoint" name="test_products_can_have_external_url" time="0.135" /><testcase classname="backend.tests.test_iteration25_currency_external_links.TestAdminCurrencySettings" name="test_admin_currency_settings_requires_auth" time="0.103" /><testcase classname="backend.tests.test_iteration25_currency_external_links.TestProductExternalLinkIntegration" name="test_create_product_with_external_url" time="0.481" /><testcase classname="backend.tests.test_iteration25_currency_external_links.TestHomepageHeroCarousel" name="test_homepage_content_endpoint" time="0.118" /></testsuite></testsuites>