<?xml version="1.0" encoding="utf-8"?><testsuites name="pytest tests"><testsuite name="pytest" errors="0" failures="4" skipped="0" tests="26" time="4.734" timestamp="2026-03-09T14:44:02.535674+00:00" hostname="agent-env-702f87d4-3b8c-4be5-b0ce-a74d2469ccfd"><testcase classname="backend.tests.test_iteration36_auth_fixes.TestUserSignupLogin" name="test_register_missing_email" time="0.199" /><testcase classname="backend.tests.test_iteration36_auth_fixes.TestUserSignupLogin" name="test_register_missing_password" time="0.161" /><testcase classname="backend.tests.test_iteration36_auth_fixes.TestUserSignupLogin" name="test_register_short_password" time="0.171" /><testcase classname="backend.tests.test_iteration36_auth_fixes.TestUserSignupLogin" name="test_register_success" time="0.118" /><testcase classname="backend.tests.test_iteration36_auth_fixes.TestUserSignupLogin" name="test_register_duplicate_email" time="0.326" /><testcase classname="backend.tests.test_iteration36_auth_fixes.TestUserSignupLogin" name="test_login_missing_credentials" time="0.141" /><testcase classname="backend.tests.test_iteration36_auth_fixes.TestUserSignupLogin" name="test_login_invalid_credentials" time="0.153" /><testcase classname="backend.tests.test_iteration36_auth_fixes.TestUserSignupLogin" name="test_login_success" time="0.417" /><testcase classname="backend.tests.test_iteration36_auth_fixes.TestPasswordReset" name="test_forgot_password_missing_email" time="0.103" /><testcase classname="backend.tests.test_iteration36_auth_fixes.TestPasswordReset" name="test_forgot_password_success" time="0.123" /><testcase classname="backend.tests.test_iteration36_auth_fixes.TestPasswordReset" name="test_forgot_password_with_origin_url" time="0.126" /><testcase classname="backend.tests.test_iteration36_auth_fixes.TestPasswordReset" name="test_reset_password_missing_token" time="0.120" /><testcase classname="backend.tests.test_iteration36_auth_fixes.TestPasswordReset" name="test_reset_password_short_password" time="0.148" /><testcase classname="backend.tests.test_iteration36_auth_fixes.TestPasswordReset" name="test_reset_password_invalid_token" time="0.167" /><testcase classname="backend.tests.test_iteration36_auth_fixes.TestInvitationFlow" name="test_invitation_verify_nonexistent" time="0.128" /><testcase classname="backend.tests.test_iteration36_auth_fixes.TestInvitationFlow" name="test_invitation_verify_invalid_format" time="0.123" /><testcase classname="backend.tests.test_iteration36_auth_fixes.TestInvitationFlow" name="test_invitation_accept_nonexistent" time="0.144" /><testcase classname="backend.tests.test_iteration36_auth_fixes.TestAdminInvitations" name="test_admin_login" time="0.115"><failure message="AssertionError: assert 'token' in {'email': 'admin@diocreations.com', 'name': 'Admin', 'picture': None, 'role': 'admin', ...}">backend/tests/test_iteration36_auth_fixes.py:241: in test_admin_login
    assert "token" in data
E   AssertionError: assert 'token' in {'email': 'admin@diocreations.com', 'name': 'Admin', 'picture': None, 'role': 'admin', ...}</failure></testcase><testcase classname="backend.tests.test_iteration36_auth_fixes.TestAdminInvitations" name="test_admin_get_invitations" time="0.223"><failure message="assert 401 == 200&#10; +  where 401 = &lt;Response [401]&gt;.status_code">backend/tests/test_iteration36_auth_fixes.py:250: in test_admin_get_invitations
    assert response.status_code == 200
E   assert 401 == 200
E    +  where 401 = &lt;Response [401]&gt;.status_code</failure></testcase><testcase classname="backend.tests.test_iteration36_auth_fixes.TestAdminInvitations" name="test_admin_send_invitation_missing_email" time="0.223"><failure message="assert 401 == 400&#10; +  where 401 = &lt;Response [401]&gt;.status_code">backend/tests/test_iteration36_auth_fixes.py:264: in test_admin_send_invitation_missing_email
    assert response.status_code == 400
E   assert 401 == 400
E    +  where 401 = &lt;Response [401]&gt;.status_code</failure></testcase><testcase classname="backend.tests.test_iteration36_auth_fixes.TestAdminInvitations" name="test_admin_send_invitation_invalid_email" time="0.256"><failure message="assert 401 == 400&#10; +  where 401 = &lt;Response [401]&gt;.status_code">backend/tests/test_iteration36_auth_fixes.py:274: in test_admin_send_invitation_invalid_email
    assert response.status_code == 400
E   assert 401 == 400
E    +  where 401 = &lt;Response [401]&gt;.status_code</failure></testcase><testcase classname="backend.tests.test_iteration36_auth_fixes.TestUserInvite" name="test_user_invite_without_auth" time="0.130" /><testcase classname="backend.tests.test_iteration36_auth_fixes.TestUserInvite" name="test_user_invite_missing_email" time="0.234" /><testcase classname="backend.tests.test_iteration36_auth_fixes.TestUserInvite" name="test_user_invite_invalid_email" time="0.246" /><testcase classname="backend.tests.test_iteration36_auth_fixes.TestResetPasswordPage" name="test_reset_password_page_loads" time="0.115" /><testcase classname="backend.tests.test_iteration36_auth_fixes.TestResetPasswordPage" name="test_reset_password_page_with_token" time="0.106" /></testsuite></testsuites>