<?xml version="1.0" encoding="utf-8"?><testsuites name="pytest tests"><testsuite name="pytest" errors="0" failures="0" skipped="0" tests="12" time="30.780" timestamp="2026-02-27T06:16:47.456784+00:00" hostname="agent-env-fe2eceb0-3e84-4c47-978b-4e835ea2a6d1"><testcase classname="backend.tests.test_iteration18_payment_gating.TestUploadStillWorks" name="test_upload_returns_resume_id_text_preview_word_count" time="0.321" /><testcase classname="backend.tests.test_iteration18_payment_gating.TestAnalysisStillFree" name="test_analyze_returns_full_analysis_for_free" time="1.965" /><testcase classname="backend.tests.test_iteration18_payment_gating.TestQuickFixPreviewWhenUnpaid" name="test_quick_fix_returns_preview_when_unpaid" time="4.546" /><testcase classname="backend.tests.test_iteration18_payment_gating.TestImprovePreviewWhenUnpaid" name="test_improve_returns_preview_when_unpaid" time="2.070" /><testcase classname="backend.tests.test_iteration18_payment_gating.TestLinkedInPreviewWhenUnpaid" name="test_linkedin_returns_preview_when_unpaid" time="3.809" /><testcase classname="backend.tests.test_iteration18_payment_gating.TestLinkedInCaching" name="test_linkedin_stores_in_linkedin_optimizations_collection" time="4.352" /><testcase classname="backend.tests.test_iteration18_payment_gating.TestPaidFlowQuickFix" name="test_quick_fix_returns_full_text_after_payment" time="4.859" /><testcase classname="backend.tests.test_iteration18_payment_gating.TestPaidFlowImprove" name="test_improve_returns_full_text_after_payment" time="2.294" /><testcase classname="backend.tests.test_iteration18_payment_gating.TestPaidFlowLinkedIn" name="test_linkedin_returns_full_data_after_payment" time="5.083" /><testcase classname="backend.tests.test_iteration18_payment_gating.TestCheckoutStillWorks" name="test_checkout_creates_stripe_session" time="0.777" /><testcase classname="backend.tests.test_iteration18_payment_gating.TestPaymentStatusEndpoint" name="test_payment_status_returns_false_when_unpaid" time="0.262" /><testcase classname="backend.tests.test_iteration18_payment_gating.TestPaymentStatusEndpoint" name="test_payment_status_returns_true_when_paid" time="0.221" /></testsuite></testsuites>