<?xml version="1.0" encoding="utf-8"?><testsuites name="pytest tests"><testsuite name="pytest" errors="0" failures="1" skipped="2" tests="11" time="2.776" timestamp="2026-02-26T15:18:09.430800+00:00" hostname="agent-env-403c0fd7-75f2-43d4-99e6-e02bdfcc9f4b"><testcase classname="backend.tests.test_iteration16_features.TestResumeEndpoints" name="test_resume_upload_accepts_pdf" time="0.414"><failure message="AssertionError: Expected 200, got 400: {&quot;detail&quot;:&quot;Could not extract enough text from file&quot;}&#10;assert 400 == 200&#10; +  where 400 = &lt;Response [400]&gt;.status_code">backend/tests/test_iteration16_features.py:29: in test_resume_upload_accepts_pdf
    assert response.status_code == 200, f"Expected 200, got {response.status_code}: {response.text}"
E   AssertionError: Expected 200, got 400: {"detail":"Could not extract enough text from file"}
E   assert 400 == 200
E    +  where 400 = &lt;Response [400]&gt;.status_code</failure></testcase><testcase classname="backend.tests.test_iteration16_features.TestResumeEndpoints" name="test_resume_upload_rejects_invalid_format" time="0.193" /><testcase classname="backend.tests.test_iteration16_features.TestResumeEndpoints" name="test_resume_analyze_returns_scores" time="0.222"><skipped type="pytest.skip" message="Upload failed, skipping analyze test">/app/backend/tests/test_iteration16_features.py:51: Upload failed, skipping analyze test</skipped></testcase><testcase classname="backend.tests.test_iteration16_features.TestResumeEndpoints" name="test_resume_improve_returns_text" time="0.229"><skipped type="pytest.skip" message="Upload failed, skipping improve test">/app/backend/tests/test_iteration16_features.py:76: Upload failed, skipping improve test</skipped></testcase><testcase classname="backend.tests.test_iteration16_features.TestBulkCurrencyEndpoint" name="test_bulk_currency_update_valid" time="0.556" /><testcase classname="backend.tests.test_iteration16_features.TestBulkCurrencyEndpoint" name="test_bulk_currency_update_invalid_currency" time="0.333" /><testcase classname="backend.tests.test_iteration16_features.TestBulkCurrencyEndpoint" name="test_bulk_currency_requires_auth" time="0.190" /><testcase classname="backend.tests.test_iteration16_features.TestProductsEndpoint" name="test_products_list_returns_currency" time="0.134" /><testcase classname="backend.tests.test_iteration16_features.TestRootAndHealthEndpoints" name="test_root_endpoint" time="0.129" /><testcase classname="backend.tests.test_iteration16_features.TestRootAndHealthEndpoints" name="test_resume_pricing_endpoint" time="0.118" /><testcase classname="backend.tests.test_iteration16_features.TestRootAndHealthEndpoints" name="test_resume_templates_endpoint" time="0.133" /></testsuite></testsuites>