<?xml version="1.0" encoding="utf-8"?><testsuites name="pytest tests"><testsuite name="pytest" errors="0" failures="0" skipped="0" tests="24" time="5.147" timestamp="2026-03-09T14:07:49.048192+00:00" hostname="agent-env-702f87d4-3b8c-4be5-b0ce-a74d2469ccfd"><testcase classname="backend.tests.test_iteration35_auth_invitations.TestUserAuthentication" name="test_register_missing_email" time="0.258" /><testcase classname="backend.tests.test_iteration35_auth_invitations.TestUserAuthentication" name="test_register_missing_password" time="0.125" /><testcase classname="backend.tests.test_iteration35_auth_invitations.TestUserAuthentication" name="test_register_short_password" time="0.111" /><testcase classname="backend.tests.test_iteration35_auth_invitations.TestUserAuthentication" name="test_register_success" time="0.146" /><testcase classname="backend.tests.test_iteration35_auth_invitations.TestUserAuthentication" name="test_register_duplicate_email" time="0.279" /><testcase classname="backend.tests.test_iteration35_auth_invitations.TestUserAuthentication" name="test_login_missing_credentials" time="0.120" /><testcase classname="backend.tests.test_iteration35_auth_invitations.TestUserAuthentication" name="test_login_invalid_credentials" time="0.220" /><testcase classname="backend.tests.test_iteration35_auth_invitations.TestUserAuthentication" name="test_login_success" time="0.294" /><testcase classname="backend.tests.test_iteration35_auth_invitations.TestAdminAuthentication" name="test_admin_login" time="0.120" /><testcase classname="backend.tests.test_iteration35_auth_invitations.TestAdminInvitations" name="test_get_all_invitations" time="0.278" /><testcase classname="backend.tests.test_iteration35_auth_invitations.TestAdminInvitations" name="test_send_single_invitation_missing_email" time="0.168" /><testcase classname="backend.tests.test_iteration35_auth_invitations.TestAdminInvitations" name="test_send_single_invitation_invalid_email" time="0.179" /><testcase classname="backend.tests.test_iteration35_auth_invitations.TestAdminInvitations" name="test_send_single_invitation_success" time="0.557" /><testcase classname="backend.tests.test_iteration35_auth_invitations.TestAdminInvitations" name="test_bulk_invitations_empty_list" time="0.157" /><testcase classname="backend.tests.test_iteration35_auth_invitations.TestAdminInvitations" name="test_bulk_invitations_no_valid_emails" time="0.221" /><testcase classname="backend.tests.test_iteration35_auth_invitations.TestAdminInvitations" name="test_bulk_invitations_success" time="0.562" /><testcase classname="backend.tests.test_iteration35_auth_invitations.TestInvitationVerification" name="test_verify_nonexistent_invitation" time="0.107" /><testcase classname="backend.tests.test_iteration35_auth_invitations.TestInvitationVerification" name="test_verify_invalid_format" time="0.130" /><testcase classname="backend.tests.test_iteration35_auth_invitations.TestUserInvitations" name="test_user_invite_missing_email" time="0.184" /><testcase classname="backend.tests.test_iteration35_auth_invitations.TestUserInvitations" name="test_user_invite_invalid_email" time="0.164" /><testcase classname="backend.tests.test_iteration35_auth_invitations.TestUserInvitations" name="test_user_invite_success" time="0.314" /><testcase classname="backend.tests.test_iteration35_auth_invitations.TestUserInvitations" name="test_user_invite_unauthenticated" time="0.105" /><testcase classname="backend.tests.test_iteration35_auth_invitations.TestForgotPassword" name="test_forgot_password_missing_email" time="0.130" /><testcase classname="backend.tests.test_iteration35_auth_invitations.TestForgotPassword" name="test_forgot_password_success" time="0.129" /></testsuite></testsuites>