<?xml version="1.0" encoding="utf-8"?><testsuites name="pytest tests"><testsuite name="pytest" errors="0" failures="0" skipped="0" tests="8" time="18.914" timestamp="2026-03-09T18:10:30.486652+00:00" hostname="agent-env-9295e812-ffc5-4e7d-bfaa-902ada6313e9"><testcase classname="backend.tests.test_cover_letter_api.TestCoverLetterAPI" name="test_generate_cover_letter_full_data" time="2.882" /><testcase classname="backend.tests.test_cover_letter_api.TestCoverLetterAPI" name="test_generate_cover_letter_only_job_description" time="2.204" /><testcase classname="backend.tests.test_cover_letter_api.TestCoverLetterAPI" name="test_generate_cover_letter_no_input_validation" time="0.159" /><testcase classname="backend.tests.test_cover_letter_api.TestCoverLetterAPI" name="test_generate_cover_letter_different_tones" time="9.917" /><testcase classname="backend.tests.test_cover_letter_api.TestCoverLetterAPI" name="test_fetch_job_empty_url_validation" time="0.115" /><testcase classname="backend.tests.test_cover_letter_api.TestCoverLetterAPI" name="test_fetch_job_invalid_url" time="0.247" /><testcase classname="backend.tests.test_cover_letter_api.TestCoverLetterAPI" name="test_get_cover_letter_not_found" time="0.154" /><testcase classname="backend.tests.test_cover_letter_api.TestCoverLetterIntegration" name="test_generate_and_retrieve_cover_letter" time="3.082" /></testsuite></testsuites>