<?xml version="1.0" encoding="utf-8"?><testsuites name="pytest tests"><testsuite name="pytest" errors="0" failures="0" skipped="0" tests="13" time="4.291" timestamp="2026-02-26T12:54:46.434512+00:00" hostname="agent-env-403c0fd7-75f2-43d4-99e6-e02bdfcc9f4b"><testcase classname="backend.tests.test_iteration15_features.TestResumeAPIs" name="test_resume_pricing_endpoint" time="0.194" /><testcase classname="backend.tests.test_iteration15_features.TestResumeAPIs" name="test_resume_templates_returns_5_templates" time="0.176" /><testcase classname="backend.tests.test_iteration15_features.TestResumeAPIs" name="test_resume_upload_accepts_pdf" time="0.117" /><testcase classname="backend.tests.test_iteration15_features.TestResumeAPIs" name="test_resume_upload_rejects_invalid_format" time="0.115" /><testcase classname="backend.tests.test_iteration15_features.TestResumeAPIs" name="test_resume_analyze_returns_scores" time="1.808" /><testcase classname="backend.tests.test_iteration15_features.TestResumeAPIs" name="test_resume_analyze_requires_resume_id" time="0.110" /><testcase classname="backend.tests.test_iteration15_features.TestAdminAuth" name="test_admin_login_success" time="0.139" /><testcase classname="backend.tests.test_iteration15_features.TestAdminAuth" name="test_admin_login_invalid_credentials" time="0.124" /><testcase classname="backend.tests.test_iteration15_features.TestAdminAuth" name="test_admin_login_missing_fields" time="0.112" /><testcase classname="backend.tests.test_iteration15_features.TestAPIHealth" name="test_root_endpoint" time="0.102" /><testcase classname="backend.tests.test_iteration15_features.TestAPIHealth" name="test_drive_status_endpoint" time="0.140" /><testcase classname="backend.tests.test_iteration15_features.TestLinkedInScraper" name="test_linkedin_scrape_valid_url" time="0.978" /><testcase classname="backend.tests.test_iteration15_features.TestLinkedInScraper" name="test_linkedin_scrape_invalid_url" time="0.106" /></testsuite></testsuites>