<?xml version="1.0" encoding="utf-8"?><testsuites name="pytest tests"><testsuite name="pytest" errors="0" failures="1" skipped="0" tests="13" time="7.540" timestamp="2026-03-09T13:23:16.292493+00:00" hostname="agent-env-702f87d4-3b8c-4be5-b0ce-a74d2469ccfd"><testcase classname="backend.tests.test_iteration34_new_features.TestCoverLetterJobUrlFetch" name="test_fetch_job_endpoint_exists" time="0.333" /><testcase classname="backend.tests.test_iteration34_new_features.TestCoverLetterJobUrlFetch" name="test_fetch_job_requires_url" time="0.156" /><testcase classname="backend.tests.test_iteration34_new_features.TestCoverLetterJobUrlFetch" name="test_fetch_job_empty_url" time="0.104" /><testcase classname="backend.tests.test_iteration34_new_features.TestCoverLetterJobUrlFetch" name="test_fetch_job_invalid_url" time="0.219" /><testcase classname="backend.tests.test_iteration34_new_features.TestCoverLetterJobUrlFetch" name="test_fetch_job_with_real_url" time="1.938" /><testcase classname="backend.tests.test_iteration34_new_features.TestCoverLetterJobUrlFetch" name="test_fetch_job_response_structure" time="1.558" /><testcase classname="backend.tests.test_iteration34_new_features.TestCoverLetterGenerate" name="test_generate_endpoint_exists" time="2.242" /><testcase classname="backend.tests.test_iteration34_new_features.TestCoverLetterGenerate" name="test_generate_requires_content" time="0.177" /><testcase classname="backend.tests.test_iteration34_new_features.TestResumeUploadEndpoint" name="test_upload_endpoint_exists" time="0.163" /><testcase classname="backend.tests.test_iteration34_new_features.TestResumeUploadEndpoint" name="test_upload_requires_file" time="0.149" /><testcase classname="backend.tests.test_iteration34_new_features.TestHealthAndBasicEndpoints" name="test_api_health" time="0.112"><failure message="AssertionError: Health check failed: 404&#10;assert 404 == 200&#10; +  where 404 = &lt;Response [404]&gt;.status_code">backend/tests/test_iteration34_new_features.py:165: in test_api_health
    assert response.status_code == 200, f"Health check failed: {response.status_code}"
E   AssertionError: Health check failed: 404
E   assert 404 == 200
E    +  where 404 = &lt;Response [404]&gt;.status_code</failure></testcase><testcase classname="backend.tests.test_iteration34_new_features.TestHealthAndBasicEndpoints" name="test_resume_pricing_endpoint" time="0.115" /><testcase classname="backend.tests.test_iteration34_new_features.TestHealthAndBasicEndpoints" name="test_resume_templates_endpoint" time="0.106" /></testsuite></testsuites>