<?xml version="1.0" encoding="utf-8"?><testsuites name="pytest tests"><testsuite name="pytest" errors="0" failures="0" skipped="0" tests="19" time="3.696" timestamp="2026-02-27T06:58:14.280417+00:00" hostname="agent-env-fe2eceb0-3e84-4c47-978b-4e835ea2a6d1"><testcase classname="backend.tests.test_iteration20_seo_referral_dashboard.TestSEOGlobal" name="test_get_global_seo_returns_defaults" time="0.133" /><testcase classname="backend.tests.test_iteration20_seo_referral_dashboard.TestSEOGlobal" name="test_update_global_seo_requires_auth" time="0.111" /><testcase classname="backend.tests.test_iteration20_seo_referral_dashboard.TestSEOGlobal" name="test_update_global_seo_with_admin_auth" time="0.284" /><testcase classname="backend.tests.test_iteration20_seo_referral_dashboard.TestSEOPages" name="test_get_seo_page_returns_defaults" time="0.103" /><testcase classname="backend.tests.test_iteration20_seo_referral_dashboard.TestSEOPages" name="test_get_seo_pages_list" time="0.121" /><testcase classname="backend.tests.test_iteration20_seo_referral_dashboard.TestSEOPages" name="test_update_page_seo_with_admin_auth" time="0.160" /><testcase classname="backend.tests.test_iteration20_seo_referral_dashboard.TestSitemapRobots" name="test_sitemap_xml_returns_valid_xml" time="0.121" /><testcase classname="backend.tests.test_iteration20_seo_referral_dashboard.TestSitemapRobots" name="test_robots_txt_returns_proper_content" time="0.110" /><testcase classname="backend.tests.test_iteration20_seo_referral_dashboard.TestReferralConfig" name="test_get_referral_config_returns_defaults" time="0.108" /><testcase classname="backend.tests.test_iteration20_seo_referral_dashboard.TestReferralCodes" name="test_generate_referral_code" time="0.120" /><testcase classname="backend.tests.test_iteration20_seo_referral_dashboard.TestReferralCodes" name="test_generate_referral_code_returns_existing" time="0.228" /><testcase classname="backend.tests.test_iteration20_seo_referral_dashboard.TestReferralCodes" name="test_validate_referral_code_success" time="0.220" /><testcase classname="backend.tests.test_iteration20_seo_referral_dashboard.TestReferralCodes" name="test_validate_invalid_code_returns_404" time="0.107" /><testcase classname="backend.tests.test_iteration20_seo_referral_dashboard.TestReferralCodes" name="test_apply_referral_code" time="0.242" /><testcase classname="backend.tests.test_iteration20_seo_referral_dashboard.TestReferralCodes" name="test_cannot_use_own_referral_code" time="0.214" /><testcase classname="backend.tests.test_iteration20_seo_referral_dashboard.TestCheckoutWithReferral" name="test_checkout_with_referral_code_applies_discount" time="0.842" /><testcase classname="backend.tests.test_iteration20_seo_referral_dashboard.TestUserDashboard" name="test_user_dashboard_requires_auth" time="0.111" /><testcase classname="backend.tests.test_iteration20_seo_referral_dashboard.TestReferralStats" name="test_referral_stats_requires_admin" time="0.109" /><testcase classname="backend.tests.test_iteration20_seo_referral_dashboard.TestReferralStats" name="test_referral_stats_with_admin" time="0.164" /></testsuite></testsuites>