<?xml version="1.0" encoding="utf-8"?><testsuites name="pytest tests"><testsuite name="pytest" errors="0" failures="0" skipped="0" tests="10" time="4.122" timestamp="2026-02-27T06:36:38.248242+00:00" hostname="agent-env-fe2eceb0-3e84-4c47-978b-4e835ea2a6d1"><testcase classname="backend.tests.test_iteration19_email_receipt.TestEmailReceiptFeature" name="test_checkout_stores_customer_email" time="0.941" /><testcase classname="backend.tests.test_iteration19_email_receipt.TestEmailReceiptFeature" name="test_verify_payment_returns_paid_status" time="0.355" /><testcase classname="backend.tests.test_iteration19_email_receipt.TestEmailReceiptFeature" name="test_verify_payment_with_invalid_session" time="0.309" /><testcase classname="backend.tests.test_iteration19_email_receipt.TestEmailReceiptFeature" name="test_verify_payment_missing_session_id" time="0.139" /><testcase classname="backend.tests.test_iteration19_email_receipt.TestEmailReceiptFeature" name="test_checkout_without_email" time="0.534" /><testcase classname="backend.tests.test_iteration19_email_receipt.TestEmailReceiptFeature" name="test_pricing_endpoint_still_works" time="0.099" /><testcase classname="backend.tests.test_iteration19_email_receipt.TestEmailReceiptGracefulHandling" name="test_backend_logs_when_resend_key_missing" time="0.289" /><testcase classname="backend.tests.test_iteration19_email_receipt.TestEmailReceiptGracefulHandling" name="test_verify_payment_response_format" time="0.308" /><testcase classname="backend.tests.test_iteration19_email_receipt.TestCheckoutEmailStorage" name="test_checkout_with_valid_email" time="0.602" /><testcase classname="backend.tests.test_iteration19_email_receipt.TestCheckoutEmailStorage" name="test_checkout_with_special_chars_email" time="0.481" /></testsuite></testsuites>