<?xml version="1.0" encoding="utf-8"?><testsuites name="pytest tests"><testsuite name="pytest" errors="0" failures="0" skipped="0" tests="21" time="4.439" timestamp="2026-03-06T05:43:24.499140+00:00" hostname="agent-env-c68eae61-4625-4816-805e-1ae441070548"><testcase classname="tests.test_iteration32_features.TestNewsletterSubscription" name="test_newsletter_subscribe_success" time="0.178" /><testcase classname="tests.test_iteration32_features.TestNewsletterSubscription" name="test_newsletter_subscribe_invalid_email" time="0.101" /><testcase classname="tests.test_iteration32_features.TestNewsletterSubscription" name="test_newsletter_subscribe_empty_email" time="0.110" /><testcase classname="tests.test_iteration32_features.TestContactFormNewFields" name="test_contact_submit_all_fields" time="0.417" /><testcase classname="tests.test_iteration32_features.TestContactFormNewFields" name="test_contact_submit_minimal_fields" time="0.319" /><testcase classname="tests.test_iteration32_features.TestContactFormNewFields" name="test_contact_submit_with_service_interest" time="0.840" /><testcase classname="tests.test_iteration32_features.TestContactFormNewFields" name="test_contact_submit_with_budget_range" time="0.609" /><testcase classname="tests.test_iteration32_features.TestLandingPagesAPI" name="test_pages_list_endpoint" time="0.131" /><testcase classname="tests.test_iteration32_features.TestLandingPagesAPI" name="test_resume_builder_landing_page_fetch" time="0.157" /><testcase classname="tests.test_iteration32_features.TestLandingPagesAPI" name="test_resume_analyzer_landing_page_fetch" time="0.109" /><testcase classname="tests.test_iteration32_features.TestLandingPagesAPI" name="test_cover_letter_landing_page_fetch" time="0.110" /><testcase classname="tests.test_iteration32_features.TestAdminSEOPages" name="test_seo_global_endpoint" time="0.145" /><testcase classname="tests.test_iteration32_features.TestAdminSEOPages" name="test_seo_pages_endpoint" time="0.109" /><testcase classname="tests.test_iteration32_features.TestAdminSEOPages" name="test_seo_page_resume_builder_info" time="0.129" /><testcase classname="tests.test_iteration32_features.TestAdminSEOPages" name="test_seo_page_resume_analyzer_info" time="0.106" /><testcase classname="tests.test_iteration32_features.TestAdminSEOPages" name="test_seo_page_cover_letter_info" time="0.113" /><testcase classname="tests.test_iteration32_features.TestAdminAuthentication" name="test_admin_login" time="0.134" /><testcase classname="tests.test_iteration32_features.TestAdminAuthentication" name="test_admin_contact_submissions_list" time="0.171" /><testcase classname="tests.test_iteration32_features.TestAdminAuthentication" name="test_admin_newsletter_subscribers_list" time="0.178" /><testcase classname="tests.test_iteration32_features.TestBlogEndpoint" name="test_blog_list_published" time="0.099" /><testcase classname="tests.test_iteration32_features.TestBlogEndpoint" name="test_blog_list_all" time="0.097" /></testsuite></testsuites>