<?xml version="1.0" encoding="utf-8"?><testsuites name="pytest tests"><testsuite name="pytest" errors="0" failures="0" skipped="0" tests="11" time="8.282" timestamp="2026-02-26T15:19:05.447166+00:00" hostname="agent-env-403c0fd7-75f2-43d4-99e6-e02bdfcc9f4b"><testcase classname="backend.tests.test_iteration16_features.TestResumeEndpoints" name="test_resume_upload_accepts_pdf" time="0.345" /><testcase classname="backend.tests.test_iteration16_features.TestResumeEndpoints" name="test_resume_upload_rejects_invalid_format" time="0.180" /><testcase classname="backend.tests.test_iteration16_features.TestResumeEndpoints" name="test_resume_analyze_returns_scores" time="2.438" /><testcase classname="backend.tests.test_iteration16_features.TestResumeEndpoints" name="test_resume_improve_returns_text" time="2.883" /><testcase classname="backend.tests.test_iteration16_features.TestBulkCurrencyEndpoint" name="test_bulk_currency_update_valid" time="0.622" /><testcase classname="backend.tests.test_iteration16_features.TestBulkCurrencyEndpoint" name="test_bulk_currency_update_invalid_currency" time="0.375" /><testcase classname="backend.tests.test_iteration16_features.TestBulkCurrencyEndpoint" name="test_bulk_currency_requires_auth" time="0.144" /><testcase classname="backend.tests.test_iteration16_features.TestProductsEndpoint" name="test_products_list_returns_currency" time="0.204" /><testcase classname="backend.tests.test_iteration16_features.TestRootAndHealthEndpoints" name="test_root_endpoint" time="0.178" /><testcase classname="backend.tests.test_iteration16_features.TestRootAndHealthEndpoints" name="test_resume_pricing_endpoint" time="0.587" /><testcase classname="backend.tests.test_iteration16_features.TestRootAndHealthEndpoints" name="test_resume_templates_endpoint" time="0.266" /></testsuite></testsuites>