<?xml version="1.0" encoding="utf-8"?><testsuites name="pytest tests"><testsuite name="pytest" errors="0" failures="0" skipped="0" tests="20" time="23.368" timestamp="2026-03-12T04:49:43.172612+00:00" hostname="agent-env-9d2971f5-62a3-449c-9055-950c3eabba8c"><testcase classname="tests.test_ai_builder_feature.TestAIBuilderBusinessTypes" name="test_get_business_types_returns_list" time="0.163" /><testcase classname="tests.test_ai_builder_feature.TestAIBuilderBusinessTypes" name="test_business_types_contains_all_15_types" time="0.114" /><testcase classname="tests.test_ai_builder_feature.TestAIBuilderGenerate" name="test_generate_website_success" time="11.474" /><testcase classname="tests.test_ai_builder_feature.TestAIBuilderGenerate" name="test_generate_website_missing_required_fields" time="0.199" /><testcase classname="tests.test_ai_builder_feature.TestAIBuilderGenerate" name="test_generate_website_empty_name" time="9.999" /><testcase classname="tests.test_ai_builder_feature.TestAIBuilderWebsiteOperations" name="test_get_website_by_id" time="0.135" /><testcase classname="tests.test_ai_builder_feature.TestAIBuilderWebsiteOperations" name="test_get_website_not_found" time="0.106" /><testcase classname="tests.test_ai_builder_feature.TestAIBuilderWebsiteOperations" name="test_update_website_content" time="0.328" /><testcase classname="tests.test_ai_builder_feature.TestAIBuilderWebsiteOperations" name="test_update_website_not_found" time="0.104" /><testcase classname="tests.test_ai_builder_feature.TestAIBuilderTheme" name="test_update_theme_modern" time="0.111" /><testcase classname="tests.test_ai_builder_feature.TestAIBuilderTheme" name="test_update_theme_corporate" time="0.120" /><testcase classname="tests.test_ai_builder_feature.TestAIBuilderTheme" name="test_update_theme_startup" time="0.129" /><testcase classname="tests.test_ai_builder_feature.TestAIBuilderTheme" name="test_update_theme_minimal" time="0.114" /><testcase classname="tests.test_ai_builder_feature.TestAIBuilderTheme" name="test_update_theme_invalid" time="0.104" /><testcase classname="tests.test_ai_builder_feature.TestAIBuilderTheme" name="test_update_theme_not_found" time="0.109" /><testcase classname="tests.test_ai_builder_feature.TestAIBuilderContentStructure" name="test_homepage_has_features_array" time="0.000" /><testcase classname="tests.test_ai_builder_feature.TestAIBuilderContentStructure" name="test_services_has_services_array" time="0.000" /><testcase classname="tests.test_ai_builder_feature.TestAIBuilderContentStructure" name="test_blog_has_articles_array" time="0.000" /><testcase classname="tests.test_ai_builder_feature.TestAIBuilderContentStructure" name="test_contact_has_required_fields" time="0.000" /><testcase classname="tests.test_ai_builder_feature.TestAIBuilderContentStructure" name="test_about_has_content" time="0.000" /></testsuite></testsuites>