<?xml version="1.0" encoding="utf-8"?><testsuites name="pytest tests"><testsuite name="pytest" errors="0" failures="0" skipped="0" tests="8" time="2.593" timestamp="2026-03-10T13:51:41.629608+00:00" hostname="agent-env-1f701523-af5b-4cb2-a37d-65a2329fbe63"><testcase classname="backend.tests.test_adsense_blog_feature.TestAdSenseBlogFeature" name="test_blog_api_health" time="0.329" /><testcase classname="backend.tests.test_adsense_blog_feature.TestAdSenseBlogFeature" name="test_create_blog_post_with_adsense_code" time="0.372" /><testcase classname="backend.tests.test_adsense_blog_feature.TestAdSenseBlogFeature" name="test_create_blog_post_with_different_positions" time="0.644" /><testcase classname="backend.tests.test_adsense_blog_feature.TestAdSenseBlogFeature" name="test_update_blog_post_adsense_code" time="0.365" /><testcase classname="backend.tests.test_adsense_blog_feature.TestAdSenseBlogFeature" name="test_blog_post_without_adsense" time="0.295" /><testcase classname="backend.tests.test_adsense_blog_feature.TestAdSenseBlogFeature" name="test_get_existing_blog_posts" time="0.246" /><testcase classname="backend.tests.test_adsense_blog_feature.TestBlogPostPageAPI" name="test_get_blog_post_by_slug" time="0.173" /><testcase classname="backend.tests.test_adsense_blog_feature.TestBlogPostPageAPI" name="test_get_nonexistent_blog_post" time="0.115" /></testsuite></testsuites>