<?xml version="1.0" encoding="utf-8"?><testsuites name="pytest tests"><testsuite name="pytest" errors="0" failures="6" skipped="0" tests="20" time="28.351" timestamp="2026-03-12T04:47:28.221081+00:00" hostname="agent-env-9d2971f5-62a3-449c-9055-950c3eabba8c"><testcase classname="tests.test_ai_builder_feature.TestAIBuilderBusinessTypes" name="test_get_business_types_returns_list" time="0.169" /><testcase classname="tests.test_ai_builder_feature.TestAIBuilderBusinessTypes" name="test_business_types_contains_all_15_types" time="0.144" /><testcase classname="tests.test_ai_builder_feature.TestAIBuilderGenerate" name="test_generate_website_success" time="15.512" /><testcase classname="tests.test_ai_builder_feature.TestAIBuilderGenerate" name="test_generate_website_missing_required_fields" time="0.243" /><testcase classname="tests.test_ai_builder_feature.TestAIBuilderGenerate" name="test_generate_website_empty_name" time="10.634" /><testcase classname="tests.test_ai_builder_feature.TestAIBuilderWebsiteOperations" name="test_get_website_by_id" time="0.139" /><testcase classname="tests.test_ai_builder_feature.TestAIBuilderWebsiteOperations" name="test_get_website_not_found" time="0.106" /><testcase classname="tests.test_ai_builder_feature.TestAIBuilderWebsiteOperations" name="test_update_website_content" time="0.369" /><testcase classname="tests.test_ai_builder_feature.TestAIBuilderWebsiteOperations" name="test_update_website_not_found" time="0.146" /><testcase classname="tests.test_ai_builder_feature.TestAIBuilderTheme" name="test_update_theme_modern" time="0.109"><failure message="assert 422 == 200&#10; +  where 422 = &lt;Response [422]&gt;.status_code">tests/test_ai_builder_feature.py:248: in test_update_theme_modern
    assert response.status_code == 200
E   assert 422 == 200
E    +  where 422 = &lt;Response [422]&gt;.status_code</failure></testcase><testcase classname="tests.test_ai_builder_feature.TestAIBuilderTheme" name="test_update_theme_corporate" time="0.106"><failure message="assert 422 == 200&#10; +  where 422 = &lt;Response [422]&gt;.status_code">tests/test_ai_builder_feature.py:263: in test_update_theme_corporate
    assert response.status_code == 200
E   assert 422 == 200
E    +  where 422 = &lt;Response [422]&gt;.status_code</failure></testcase><testcase classname="tests.test_ai_builder_feature.TestAIBuilderTheme" name="test_update_theme_startup" time="0.132"><failure message="assert 422 == 200&#10; +  where 422 = &lt;Response [422]&gt;.status_code">tests/test_ai_builder_feature.py:277: in test_update_theme_startup
    assert response.status_code == 200
E   assert 422 == 200
E    +  where 422 = &lt;Response [422]&gt;.status_code</failure></testcase><testcase classname="tests.test_ai_builder_feature.TestAIBuilderTheme" name="test_update_theme_minimal" time="0.141"><failure message="assert 422 == 200&#10; +  where 422 = &lt;Response [422]&gt;.status_code">tests/test_ai_builder_feature.py:291: in test_update_theme_minimal
    assert response.status_code == 200
E   assert 422 == 200
E    +  where 422 = &lt;Response [422]&gt;.status_code</failure></testcase><testcase classname="tests.test_ai_builder_feature.TestAIBuilderTheme" name="test_update_theme_invalid" time="0.118"><failure message="assert 422 == 400&#10; +  where 422 = &lt;Response [422]&gt;.status_code">tests/test_ai_builder_feature.py:305: in test_update_theme_invalid
    assert response.status_code == 400
E   assert 422 == 400
E    +  where 422 = &lt;Response [422]&gt;.status_code</failure></testcase><testcase classname="tests.test_ai_builder_feature.TestAIBuilderTheme" name="test_update_theme_not_found" time="0.130"><failure message="assert 422 == 404&#10; +  where 422 = &lt;Response [422]&gt;.status_code">tests/test_ai_builder_feature.py:314: in test_update_theme_not_found
    assert response.status_code == 404
E   assert 422 == 404
E    +  where 422 = &lt;Response [422]&gt;.status_code</failure></testcase><testcase classname="tests.test_ai_builder_feature.TestAIBuilderContentStructure" name="test_homepage_has_features_array" time="0.000" /><testcase classname="tests.test_ai_builder_feature.TestAIBuilderContentStructure" name="test_services_has_services_array" time="0.000" /><testcase classname="tests.test_ai_builder_feature.TestAIBuilderContentStructure" name="test_blog_has_articles_array" time="0.000" /><testcase classname="tests.test_ai_builder_feature.TestAIBuilderContentStructure" name="test_contact_has_required_fields" time="0.000" /><testcase classname="tests.test_ai_builder_feature.TestAIBuilderContentStructure" name="test_about_has_content" time="0.000" /></testsuite></testsuites>