<?xml version="1.0" encoding="utf-8"?><testsuites name="pytest tests"><testsuite name="pytest" errors="0" failures="0" skipped="0" tests="26" time="4.359" timestamp="2026-03-09T14:45:50.515478+00:00" hostname="agent-env-702f87d4-3b8c-4be5-b0ce-a74d2469ccfd"><testcase classname="backend.tests.test_iteration36_auth_fixes.TestUserSignupLogin" name="test_register_missing_email" time="0.246" /><testcase classname="backend.tests.test_iteration36_auth_fixes.TestUserSignupLogin" name="test_register_missing_password" time="0.115" /><testcase classname="backend.tests.test_iteration36_auth_fixes.TestUserSignupLogin" name="test_register_short_password" time="0.161" /><testcase classname="backend.tests.test_iteration36_auth_fixes.TestUserSignupLogin" name="test_register_success" time="0.148" /><testcase classname="backend.tests.test_iteration36_auth_fixes.TestUserSignupLogin" name="test_register_duplicate_email" time="0.224" /><testcase classname="backend.tests.test_iteration36_auth_fixes.TestUserSignupLogin" name="test_login_missing_credentials" time="0.138" /><testcase classname="backend.tests.test_iteration36_auth_fixes.TestUserSignupLogin" name="test_login_invalid_credentials" time="0.148" /><testcase classname="backend.tests.test_iteration36_auth_fixes.TestUserSignupLogin" name="test_login_success" time="0.228" /><testcase classname="backend.tests.test_iteration36_auth_fixes.TestPasswordReset" name="test_forgot_password_missing_email" time="0.118" /><testcase classname="backend.tests.test_iteration36_auth_fixes.TestPasswordReset" name="test_forgot_password_success" time="0.117" /><testcase classname="backend.tests.test_iteration36_auth_fixes.TestPasswordReset" name="test_forgot_password_with_origin_url" time="0.115" /><testcase classname="backend.tests.test_iteration36_auth_fixes.TestPasswordReset" name="test_reset_password_missing_token" time="0.123" /><testcase classname="backend.tests.test_iteration36_auth_fixes.TestPasswordReset" name="test_reset_password_short_password" time="0.108" /><testcase classname="backend.tests.test_iteration36_auth_fixes.TestPasswordReset" name="test_reset_password_invalid_token" time="0.104" /><testcase classname="backend.tests.test_iteration36_auth_fixes.TestInvitationFlow" name="test_invitation_verify_nonexistent" time="0.122" /><testcase classname="backend.tests.test_iteration36_auth_fixes.TestInvitationFlow" name="test_invitation_verify_invalid_format" time="0.107" /><testcase classname="backend.tests.test_iteration36_auth_fixes.TestInvitationFlow" name="test_invitation_accept_nonexistent" time="0.124" /><testcase classname="backend.tests.test_iteration36_auth_fixes.TestAdminInvitations" name="test_admin_login" time="0.146" /><testcase classname="backend.tests.test_iteration36_auth_fixes.TestAdminInvitations" name="test_admin_get_invitations" time="0.246" /><testcase classname="backend.tests.test_iteration36_auth_fixes.TestAdminInvitations" name="test_admin_send_invitation_missing_email" time="0.262" /><testcase classname="backend.tests.test_iteration36_auth_fixes.TestAdminInvitations" name="test_admin_send_invitation_invalid_email" time="0.246" /><testcase classname="backend.tests.test_iteration36_auth_fixes.TestUserInvite" name="test_user_invite_without_auth" time="0.206" /><testcase classname="backend.tests.test_iteration36_auth_fixes.TestUserInvite" name="test_user_invite_missing_email" time="0.244" /><testcase classname="backend.tests.test_iteration36_auth_fixes.TestUserInvite" name="test_user_invite_invalid_email" time="0.233" /><testcase classname="backend.tests.test_iteration36_auth_fixes.TestResetPasswordPage" name="test_reset_password_page_loads" time="0.142" /><testcase classname="backend.tests.test_iteration36_auth_fixes.TestResetPasswordPage" name="test_reset_password_page_with_token" time="0.121" /></testsuite></testsuites>