<?xml version="1.0" encoding="utf-8"?><testsuites name="pytest tests"><testsuite name="pytest" errors="0" failures="0" skipped="0" tests="12" time="2.295" timestamp="2026-03-04T04:55:25.898440+00:00" hostname="agent-env-ef18e859-068b-4343-9ca6-b82b56a73cba"><testcase classname="backend.tests.test_iteration26_client_logos_stats.TestClientLogosPublicAPI" name="test_get_client_logos_returns_list" time="0.166" /><testcase classname="backend.tests.test_iteration26_client_logos_stats.TestClientLogosPublicAPI" name="test_client_logos_have_required_fields" time="0.118" /><testcase classname="backend.tests.test_iteration26_client_logos_stats.TestClientLogosPublicAPI" name="test_default_logos_seeded" time="0.105" /><testcase classname="backend.tests.test_iteration26_client_logos_stats.TestClientLogosAdminAPI" name="test_get_all_client_logos_admin" time="0.169" /><testcase classname="backend.tests.test_iteration26_client_logos_stats.TestClientLogosAdminAPI" name="test_create_client_logo" time="0.239" /><testcase classname="backend.tests.test_iteration26_client_logos_stats.TestClientLogosAdminAPI" name="test_update_client_logo" time="0.281" /><testcase classname="backend.tests.test_iteration26_client_logos_stats.TestClientLogosAdminAPI" name="test_delete_client_logo" time="0.312" /><testcase classname="backend.tests.test_iteration26_client_logos_stats.TestClientLogosAdminAPI" name="test_reorder_client_logos" time="0.323" /><testcase classname="backend.tests.test_iteration26_client_logos_stats.TestHomepageContent" name="test_homepage_content_has_stats" time="0.124" /><testcase classname="backend.tests.test_iteration26_client_logos_stats.TestHomepageContent" name="test_stats_have_value_and_label" time="0.138" /><testcase classname="backend.tests.test_iteration26_client_logos_stats.TestFaviconSetup" name="test_site_webmanifest_accessible" time="0.114" /><testcase classname="backend.tests.test_iteration26_client_logos_stats.TestFaviconSetup" name="test_favicon_ico_accessible" time="0.108" /></testsuite></testsuites>