<?xml version="1.0" encoding="utf-8"?><testsuites name="pytest tests"><testsuite name="pytest" errors="0" failures="1" skipped="0" tests="19" time="3.983" timestamp="2026-02-27T06:56:37.842357+00:00" hostname="agent-env-fe2eceb0-3e84-4c47-978b-4e835ea2a6d1"><testcase classname="backend.tests.test_iteration20_seo_referral_dashboard.TestSEOGlobal" name="test_get_global_seo_returns_defaults" time="0.224" /><testcase classname="backend.tests.test_iteration20_seo_referral_dashboard.TestSEOGlobal" name="test_update_global_seo_requires_auth" time="0.104" /><testcase classname="backend.tests.test_iteration20_seo_referral_dashboard.TestSEOGlobal" name="test_update_global_seo_with_admin_auth" time="0.311" /><testcase classname="backend.tests.test_iteration20_seo_referral_dashboard.TestSEOPages" name="test_get_seo_page_returns_defaults" time="0.155" /><testcase classname="backend.tests.test_iteration20_seo_referral_dashboard.TestSEOPages" name="test_get_seo_pages_list" time="0.103" /><testcase classname="backend.tests.test_iteration20_seo_referral_dashboard.TestSEOPages" name="test_update_page_seo_with_admin_auth" time="0.182" /><testcase classname="backend.tests.test_iteration20_seo_referral_dashboard.TestSitemapRobots" name="test_sitemap_xml_returns_valid_xml" time="0.128"><failure message="assert ('/resume-optimizer' in '&lt;?xml version=&quot;1.0&quot; encoding=&quot;UTF-8&quot;?&gt;\n&lt;urlset xmlns=&quot;http://www.sitemaps.org/schemas/sitemap/0.9&quot;&gt;\n  &lt;url&gt;&lt;loc&gt;https://www.diocreations.eu/&lt;/loc&gt;&lt;changefreq&gt;weekly&lt;/changefreq&gt;&lt;priority&gt;1.0&lt;/priority&gt;&lt;/url&gt;\n  &lt;url&gt;&lt;loc&gt;https://www.diocreations.eu/about&lt;/loc&gt;&lt;changefreq&gt;monthly&lt;/changefreq&gt;&lt;priority&gt;0.8&lt;/priority&gt;&lt;/url&gt;\n  &lt;url&gt;&lt;loc&gt;https://www.diocreations.eu/services&lt;/loc&gt;&lt;changefreq&gt;weekly&lt;/changefreq&gt;&lt;priority&gt;0.9&lt;/priority&gt;&lt;/url&gt;\n  &lt;url&gt;&lt;loc&gt;https://www.diocreations.eu/products&lt;/loc&gt;&lt;changefreq&gt;weekly&lt;/changefreq&gt;&lt;priority&gt;0.9&lt;/priority&gt;&lt;/url&gt;\n  &lt;url&gt;&lt;loc&gt;https://www.diocreations.eu/portfolio&lt;/loc&gt;&lt;changefreq&gt;weekly&lt;/changefreq&gt;&lt;priority&gt;0.8&lt;/priority&gt;&lt;/url&gt;\n  &lt;url&gt;&lt;loc&gt;https://www.diocreations.eu/blog&lt;/loc&gt;&lt;changefreq&gt;daily&lt;/changefreq&gt;&lt;priority&gt;0.9&lt;/priority&gt;&lt;/url&gt;\n  &lt;url&gt;&lt;loc&gt;https://www.diocreations.eu/contact&lt;/loc&gt;&lt;changefreq&gt;monthly&lt;/changefreq&gt;&lt;priority&gt;0.8&lt;/priority&gt;&lt;/url&gt;\n  &lt;url&gt;&lt;loc&gt;https://www.diocreations.eu/services/web-mobile-development&lt;/loc&gt;&lt;changefreq&gt;monthly&lt;/changefreq&gt;&lt;priority&gt;0.7&lt;/priority&gt;&lt;/url&gt;\n  &lt;url&gt;&lt;loc&gt;https://www.diocreations.eu/services/seo&lt;/loc&gt;&lt;changefreq&gt;monthly&lt;/changefreq&gt;&lt;priority&gt;0.7&lt;/priority&gt;&lt;/url&gt;\n  &lt;url&gt;&lt;loc&gt;https://www.dio...pro-dashboard&lt;/loc&gt;&lt;changefreq&gt;monthly&lt;/changefreq&gt;&lt;priority&gt;0.6&lt;/priority&gt;&lt;/url&gt;\n  &lt;url&gt;&lt;loc&gt;https://www.diocreations.eu/portfolio/propertyhub-realestate&lt;/loc&gt;&lt;changefreq&gt;monthly&lt;/changefreq&gt;&lt;priority&gt;0.6&lt;/priority&gt;&lt;/url&gt;\n  &lt;url&gt;&lt;loc&gt;https://www.diocreations.eu/portfolio/propertyhub-realestate&lt;/loc&gt;&lt;changefreq&gt;monthly&lt;/changefreq&gt;&lt;priority&gt;0.6&lt;/priority&gt;&lt;/url&gt;\n  &lt;url&gt;&lt;loc&gt;https://www.diocreations.eu/portfolio/edulearn-academy&lt;/loc&gt;&lt;changefreq&gt;monthly&lt;/changefreq&gt;&lt;priority&gt;0.6&lt;/priority&gt;&lt;/url&gt;\n  &lt;url&gt;&lt;loc&gt;https://www.diocreations.eu/portfolio/edulearn-academy&lt;/loc&gt;&lt;changefreq&gt;monthly&lt;/changefreq&gt;&lt;priority&gt;0.6&lt;/priority&gt;&lt;/url&gt;\n  &lt;url&gt;&lt;loc&gt;https://www.diocreations.eu/portfolio/foodiego-delivery&lt;/loc&gt;&lt;changefreq&gt;monthly&lt;/changefreq&gt;&lt;priority&gt;0.6&lt;/priority&gt;&lt;/url&gt;\n  &lt;url&gt;&lt;loc&gt;https://www.diocreations.eu/portfolio/foodiego-delivery&lt;/loc&gt;&lt;changefreq&gt;monthly&lt;/changefreq&gt;&lt;priority&gt;0.6&lt;/priority&gt;&lt;/url&gt;\n  &lt;url&gt;&lt;loc&gt;https://www.diocreations.eu/portfolio/travelwise-booking&lt;/loc&gt;&lt;changefreq&gt;monthly&lt;/changefreq&gt;&lt;priority&gt;0.6&lt;/priority&gt;&lt;/url&gt;\n  &lt;url&gt;&lt;loc&gt;https://www.diocreations.eu/portfolio/travelwise-booking&lt;/loc&gt;&lt;changefreq&gt;monthly&lt;/changefreq&gt;&lt;priority&gt;0.6&lt;/priority&gt;&lt;/url&gt;\n&lt;/urlset&gt;' or 'resume' in '&lt;?xml version=&quot;1.0&quot; encoding=&quot;UTF-8&quot;?&gt;\n&lt;urlset xmlns=&quot;http://www.sitemaps.org/schemas/sitemap/0.9&quot;&gt;\n  &lt;url&gt;&lt;loc&gt;https://www.diocreations.eu/&lt;/loc&gt;&lt;changefreq&gt;weekly&lt;/changefreq&gt;&lt;priority&gt;1.0&lt;/priority&gt;&lt;/url&gt;\n  &lt;url&gt;&lt;loc&gt;https://www.diocreations.eu/about&lt;/loc&gt;&lt;changefreq&gt;monthly&lt;/changefreq&gt;&lt;priority&gt;0.8&lt;/priority&gt;&lt;/url&gt;\n  &lt;url&gt;&lt;loc&gt;https://www.diocreations.eu/services&lt;/loc&gt;&lt;changefreq&gt;weekly&lt;/changefreq&gt;&lt;priority&gt;0.9&lt;/priority&gt;&lt;/url&gt;\n  &lt;url&gt;&lt;loc&gt;https://www.diocreations.eu/products&lt;/loc&gt;&lt;changefreq&gt;weekly&lt;/changefreq&gt;&lt;priority&gt;0.9&lt;/priority&gt;&lt;/url&gt;\n  &lt;url&gt;&lt;loc&gt;https://www.diocreations.eu/portfolio&lt;/loc&gt;&lt;changefreq&gt;weekly&lt;/changefreq&gt;&lt;priority&gt;0.8&lt;/priority&gt;&lt;/url&gt;\n  &lt;url&gt;&lt;loc&gt;https://www.diocreations.eu/blog&lt;/loc&gt;&lt;changefreq&gt;daily&lt;/changefreq&gt;&lt;priority&gt;0.9&lt;/priority&gt;&lt;/url&gt;\n  &lt;url&gt;&lt;loc&gt;https://www.diocreations.eu/contact&lt;/loc&gt;&lt;changefreq&gt;monthly&lt;/changefreq&gt;&lt;priority&gt;0.8&lt;/priority&gt;&lt;/url&gt;\n  &lt;url&gt;&lt;loc&gt;https://www.diocreations.eu/services/web-mobile-development&lt;/loc&gt;&lt;changefreq&gt;monthly&lt;/changefreq&gt;&lt;priority&gt;0.7&lt;/priority&gt;&lt;/url&gt;\n  &lt;url&gt;&lt;loc&gt;https://www.diocreations.eu/services/seo&lt;/loc&gt;&lt;changefreq&gt;monthly&lt;/changefreq&gt;&lt;priority&gt;0.7&lt;/priority&gt;&lt;/url&gt;\n  &lt;url&gt;&lt;loc&gt;https://www.dio...pro-dashboard&lt;/loc&gt;&lt;changefreq&gt;monthly&lt;/changefreq&gt;&lt;priority&gt;0.6&lt;/priority&gt;&lt;/url&gt;\n  &lt;url&gt;&lt;loc&gt;https://www.diocreations.eu/portfolio/propertyhub-realestate&lt;/loc&gt;&lt;changefreq&gt;monthly&lt;/changefreq&gt;&lt;priority&gt;0.6&lt;/priority&gt;&lt;/url&gt;\n  &lt;url&gt;&lt;loc&gt;https://www.diocreations.eu/portfolio/propertyhub-realestate&lt;/loc&gt;&lt;changefreq&gt;monthly&lt;/changefreq&gt;&lt;priority&gt;0.6&lt;/priority&gt;&lt;/url&gt;\n  &lt;url&gt;&lt;loc&gt;https://www.diocreations.eu/portfolio/edulearn-academy&lt;/loc&gt;&lt;changefreq&gt;monthly&lt;/changefreq&gt;&lt;priority&gt;0.6&lt;/priority&gt;&lt;/url&gt;\n  &lt;url&gt;&lt;loc&gt;https://www.diocreations.eu/portfolio/edulearn-academy&lt;/loc&gt;&lt;changefreq&gt;monthly&lt;/changefreq&gt;&lt;priority&gt;0.6&lt;/priority&gt;&lt;/url&gt;\n  &lt;url&gt;&lt;loc&gt;https://www.diocreations.eu/portfolio/foodiego-delivery&lt;/loc&gt;&lt;changefreq&gt;monthly&lt;/changefreq&gt;&lt;priority&gt;0.6&lt;/priority&gt;&lt;/url&gt;\n  &lt;url&gt;&lt;loc&gt;https://www.diocreations.eu/portfolio/foodiego-delivery&lt;/loc&gt;&lt;changefreq&gt;monthly&lt;/changefreq&gt;&lt;priority&gt;0.6&lt;/priority&gt;&lt;/url&gt;\n  &lt;url&gt;&lt;loc&gt;https://www.diocreations.eu/portfolio/travelwise-booking&lt;/loc&gt;&lt;changefreq&gt;monthly&lt;/changefreq&gt;&lt;priority&gt;0.6&lt;/priority&gt;&lt;/url&gt;\n  &lt;url&gt;&lt;loc&gt;https://www.diocreations.eu/portfolio/travelwise-booking&lt;/loc&gt;&lt;changefreq&gt;monthly&lt;/changefreq&gt;&lt;priority&gt;0.6&lt;/priority&gt;&lt;/url&gt;\n&lt;/urlset&gt;')">backend/tests/test_iteration20_seo_referral_dashboard.py:122: in test_sitemap_xml_returns_valid_xml
    assert "/resume-optimizer" in content or "resume" in content
E   assert ('/resume-optimizer' in '&lt;?xml version="1.0" encoding="UTF-8"?&gt;\n&lt;urlset xmlns="http://www.sitemaps.org/schemas/sitemap/0.9"&gt;\n  &lt;url&gt;&lt;loc&gt;https://www.diocreations.eu/&lt;/loc&gt;&lt;changefreq&gt;weekly&lt;/changefreq&gt;&lt;priority&gt;1.0&lt;/priority&gt;&lt;/url&gt;\n  &lt;url&gt;&lt;loc&gt;https://www.diocreations.eu/about&lt;/loc&gt;&lt;changefreq&gt;monthly&lt;/changefreq&gt;&lt;priority&gt;0.8&lt;/priority&gt;&lt;/url&gt;\n  &lt;url&gt;&lt;loc&gt;https://www.diocreations.eu/services&lt;/loc&gt;&lt;changefreq&gt;weekly&lt;/changefreq&gt;&lt;priority&gt;0.9&lt;/priority&gt;&lt;/url&gt;\n  &lt;url&gt;&lt;loc&gt;https://www.diocreations.eu/products&lt;/loc&gt;&lt;changefreq&gt;weekly&lt;/changefreq&gt;&lt;priority&gt;0.9&lt;/priority&gt;&lt;/url&gt;\n  &lt;url&gt;&lt;loc&gt;https://www.diocreations.eu/portfolio&lt;/loc&gt;&lt;changefreq&gt;weekly&lt;/changefreq&gt;&lt;priority&gt;0.8&lt;/priority&gt;&lt;/url&gt;\n  &lt;url&gt;&lt;loc&gt;https://www.diocreations.eu/blog&lt;/loc&gt;&lt;changefreq&gt;daily&lt;/changefreq&gt;&lt;priority&gt;0.9&lt;/priority&gt;&lt;/url&gt;\n  &lt;url&gt;&lt;loc&gt;https://www.diocreations.eu/contact&lt;/loc&gt;&lt;changefreq&gt;monthly&lt;/changefreq&gt;&lt;priority&gt;0.8&lt;/priority&gt;&lt;/url&gt;\n  &lt;url&gt;&lt;loc&gt;https://www.diocreations.eu/services/web-mobile-development&lt;/loc&gt;&lt;changefreq&gt;monthly&lt;/changefreq&gt;&lt;priority&gt;0.7&lt;/priority&gt;&lt;/url&gt;\n  &lt;url&gt;&lt;loc&gt;https://www.diocreations.eu/services/seo&lt;/loc&gt;&lt;changefreq&gt;monthly&lt;/changefreq&gt;&lt;priority&gt;0.7&lt;/priority&gt;&lt;/url&gt;\n  &lt;url&gt;&lt;loc&gt;https://www.dio...pro-dashboard&lt;/loc&gt;&lt;changefreq&gt;monthly&lt;/changefreq&gt;&lt;priority&gt;0.6&lt;/priority&gt;&lt;/url&gt;\n  &lt;url&gt;&lt;loc&gt;https://www.diocreations.eu/portfolio/propertyhub-realestate&lt;/loc&gt;&lt;changefreq&gt;monthly&lt;/changefreq&gt;&lt;priority&gt;0.6&lt;/priority&gt;&lt;/url&gt;\n  &lt;url&gt;&lt;loc&gt;https://www.diocreations.eu/portfolio/propertyhub-realestate&lt;/loc&gt;&lt;changefreq&gt;monthly&lt;/changefreq&gt;&lt;priority&gt;0.6&lt;/priority&gt;&lt;/url&gt;\n  &lt;url&gt;&lt;loc&gt;https://www.diocreations.eu/portfolio/edulearn-academy&lt;/loc&gt;&lt;changefreq&gt;monthly&lt;/changefreq&gt;&lt;priority&gt;0.6&lt;/priority&gt;&lt;/url&gt;\n  &lt;url&gt;&lt;loc&gt;https://www.diocreations.eu/portfolio/edulearn-academy&lt;/loc&gt;&lt;changefreq&gt;monthly&lt;/changefreq&gt;&lt;priority&gt;0.6&lt;/priority&gt;&lt;/url&gt;\n  &lt;url&gt;&lt;loc&gt;https://www.diocreations.eu/portfolio/foodiego-delivery&lt;/loc&gt;&lt;changefreq&gt;monthly&lt;/changefreq&gt;&lt;priority&gt;0.6&lt;/priority&gt;&lt;/url&gt;\n  &lt;url&gt;&lt;loc&gt;https://www.diocreations.eu/portfolio/foodiego-delivery&lt;/loc&gt;&lt;changefreq&gt;monthly&lt;/changefreq&gt;&lt;priority&gt;0.6&lt;/priority&gt;&lt;/url&gt;\n  &lt;url&gt;&lt;loc&gt;https://www.diocreations.eu/portfolio/travelwise-booking&lt;/loc&gt;&lt;changefreq&gt;monthly&lt;/changefreq&gt;&lt;priority&gt;0.6&lt;/priority&gt;&lt;/url&gt;\n  &lt;url&gt;&lt;loc&gt;https://www.diocreations.eu/portfolio/travelwise-booking&lt;/loc&gt;&lt;changefreq&gt;monthly&lt;/changefreq&gt;&lt;priority&gt;0.6&lt;/priority&gt;&lt;/url&gt;\n&lt;/urlset&gt;' or 'resume' in '&lt;?xml version="1.0" encoding="UTF-8"?&gt;\n&lt;urlset xmlns="http://www.sitemaps.org/schemas/sitemap/0.9"&gt;\n  &lt;url&gt;&lt;loc&gt;https://www.diocreations.eu/&lt;/loc&gt;&lt;changefreq&gt;weekly&lt;/changefreq&gt;&lt;priority&gt;1.0&lt;/priority&gt;&lt;/url&gt;\n  &lt;url&gt;&lt;loc&gt;https://www.diocreations.eu/about&lt;/loc&gt;&lt;changefreq&gt;monthly&lt;/changefreq&gt;&lt;priority&gt;0.8&lt;/priority&gt;&lt;/url&gt;\n  &lt;url&gt;&lt;loc&gt;https://www.diocreations.eu/services&lt;/loc&gt;&lt;changefreq&gt;weekly&lt;/changefreq&gt;&lt;priority&gt;0.9&lt;/priority&gt;&lt;/url&gt;\n  &lt;url&gt;&lt;loc&gt;https://www.diocreations.eu/products&lt;/loc&gt;&lt;changefreq&gt;weekly&lt;/changefreq&gt;&lt;priority&gt;0.9&lt;/priority&gt;&lt;/url&gt;\n  &lt;url&gt;&lt;loc&gt;https://www.diocreations.eu/portfolio&lt;/loc&gt;&lt;changefreq&gt;weekly&lt;/changefreq&gt;&lt;priority&gt;0.8&lt;/priority&gt;&lt;/url&gt;\n  &lt;url&gt;&lt;loc&gt;https://www.diocreations.eu/blog&lt;/loc&gt;&lt;changefreq&gt;daily&lt;/changefreq&gt;&lt;priority&gt;0.9&lt;/priority&gt;&lt;/url&gt;\n  &lt;url&gt;&lt;loc&gt;https://www.diocreations.eu/contact&lt;/loc&gt;&lt;changefreq&gt;monthly&lt;/changefreq&gt;&lt;priority&gt;0.8&lt;/priority&gt;&lt;/url&gt;\n  &lt;url&gt;&lt;loc&gt;https://www.diocreations.eu/services/web-mobile-development&lt;/loc&gt;&lt;changefreq&gt;monthly&lt;/changefreq&gt;&lt;priority&gt;0.7&lt;/priority&gt;&lt;/url&gt;\n  &lt;url&gt;&lt;loc&gt;https://www.diocreations.eu/services/seo&lt;/loc&gt;&lt;changefreq&gt;monthly&lt;/changefreq&gt;&lt;priority&gt;0.7&lt;/priority&gt;&lt;/url&gt;\n  &lt;url&gt;&lt;loc&gt;https://www.dio...pro-dashboard&lt;/loc&gt;&lt;changefreq&gt;monthly&lt;/changefreq&gt;&lt;priority&gt;0.6&lt;/priority&gt;&lt;/url&gt;\n  &lt;url&gt;&lt;loc&gt;https://www.diocreations.eu/portfolio/propertyhub-realestate&lt;/loc&gt;&lt;changefreq&gt;monthly&lt;/changefreq&gt;&lt;priority&gt;0.6&lt;/priority&gt;&lt;/url&gt;\n  &lt;url&gt;&lt;loc&gt;https://www.diocreations.eu/portfolio/propertyhub-realestate&lt;/loc&gt;&lt;changefreq&gt;monthly&lt;/changefreq&gt;&lt;priority&gt;0.6&lt;/priority&gt;&lt;/url&gt;\n  &lt;url&gt;&lt;loc&gt;https://www.diocreations.eu/portfolio/edulearn-academy&lt;/loc&gt;&lt;changefreq&gt;monthly&lt;/changefreq&gt;&lt;priority&gt;0.6&lt;/priority&gt;&lt;/url&gt;\n  &lt;url&gt;&lt;loc&gt;https://www.diocreations.eu/portfolio/edulearn-academy&lt;/loc&gt;&lt;changefreq&gt;monthly&lt;/changefreq&gt;&lt;priority&gt;0.6&lt;/priority&gt;&lt;/url&gt;\n  &lt;url&gt;&lt;loc&gt;https://www.diocreations.eu/portfolio/foodiego-delivery&lt;/loc&gt;&lt;changefreq&gt;monthly&lt;/changefreq&gt;&lt;priority&gt;0.6&lt;/priority&gt;&lt;/url&gt;\n  &lt;url&gt;&lt;loc&gt;https://www.diocreations.eu/portfolio/foodiego-delivery&lt;/loc&gt;&lt;changefreq&gt;monthly&lt;/changefreq&gt;&lt;priority&gt;0.6&lt;/priority&gt;&lt;/url&gt;\n  &lt;url&gt;&lt;loc&gt;https://www.diocreations.eu/portfolio/travelwise-booking&lt;/loc&gt;&lt;changefreq&gt;monthly&lt;/changefreq&gt;&lt;priority&gt;0.6&lt;/priority&gt;&lt;/url&gt;\n  &lt;url&gt;&lt;loc&gt;https://www.diocreations.eu/portfolio/travelwise-booking&lt;/loc&gt;&lt;changefreq&gt;monthly&lt;/changefreq&gt;&lt;priority&gt;0.6&lt;/priority&gt;&lt;/url&gt;\n&lt;/urlset&gt;')</failure></testcase><testcase classname="backend.tests.test_iteration20_seo_referral_dashboard.TestSitemapRobots" name="test_robots_txt_returns_proper_content" time="0.114" /><testcase classname="backend.tests.test_iteration20_seo_referral_dashboard.TestReferralConfig" name="test_get_referral_config_returns_defaults" time="0.116" /><testcase classname="backend.tests.test_iteration20_seo_referral_dashboard.TestReferralCodes" name="test_generate_referral_code" time="0.100" /><testcase classname="backend.tests.test_iteration20_seo_referral_dashboard.TestReferralCodes" name="test_generate_referral_code_returns_existing" time="0.198" /><testcase classname="backend.tests.test_iteration20_seo_referral_dashboard.TestReferralCodes" name="test_validate_referral_code_success" time="0.210" /><testcase classname="backend.tests.test_iteration20_seo_referral_dashboard.TestReferralCodes" name="test_validate_invalid_code_returns_404" time="0.109" /><testcase classname="backend.tests.test_iteration20_seo_referral_dashboard.TestReferralCodes" name="test_apply_referral_code" time="0.217" /><testcase classname="backend.tests.test_iteration20_seo_referral_dashboard.TestReferralCodes" name="test_cannot_use_own_referral_code" time="0.249" /><testcase classname="backend.tests.test_iteration20_seo_referral_dashboard.TestCheckoutWithReferral" name="test_checkout_with_referral_code_applies_discount" time="0.928" /><testcase classname="backend.tests.test_iteration20_seo_referral_dashboard.TestUserDashboard" name="test_user_dashboard_requires_auth" time="0.119" /><testcase classname="backend.tests.test_iteration20_seo_referral_dashboard.TestReferralStats" name="test_referral_stats_requires_admin" time="0.118" /><testcase classname="backend.tests.test_iteration20_seo_referral_dashboard.TestReferralStats" name="test_referral_stats_with_admin" time="0.155" /></testsuite></testsuites>