<?xml version="1.0" encoding="utf-8"?><testsuites name="pytest tests"><testsuite name="pytest" errors="0" failures="0" skipped="0" tests="6" time="4.432" timestamp="2026-02-27T07:52:29.458571+00:00" hostname="agent-env-fe2eceb0-3e84-4c47-978b-4e835ea2a6d1"><testcase classname="backend.tests.test_iteration22_features.TestBackendAPIs" name="test_seo_global_endpoint" time="0.161" /><testcase classname="backend.tests.test_iteration22_features.TestBackendAPIs" name="test_referral_config_endpoint" time="0.054" /><testcase classname="backend.tests.test_iteration22_features.TestBackendAPIs" name="test_sitemap_xml_endpoint" time="0.066" /><testcase classname="backend.tests.test_iteration22_features.TestBackendAPIs" name="test_resume_upload_endpoint" time="0.102" /><testcase classname="backend.tests.test_iteration22_features.TestBackendAPIs" name="test_resume_analyze_endpoint" time="2.040" /><testcase classname="backend.tests.test_iteration22_features.TestBackendAPIs" name="test_resume_quick_fix_preview" time="1.923" /></testsuite></testsuites>