<?xml version="1.0" encoding="utf-8"?><testsuites name="pytest tests"><testsuite name="pytest" errors="0" failures="0" skipped="0" tests="13" time="8.291" timestamp="2026-03-09T13:25:52.181380+00:00" hostname="agent-env-702f87d4-3b8c-4be5-b0ce-a74d2469ccfd"><testcase classname="backend.tests.test_iteration34_new_features.TestCoverLetterJobUrlFetch" name="test_fetch_job_endpoint_exists" time="0.242" /><testcase classname="backend.tests.test_iteration34_new_features.TestCoverLetterJobUrlFetch" name="test_fetch_job_requires_url" time="0.112" /><testcase classname="backend.tests.test_iteration34_new_features.TestCoverLetterJobUrlFetch" name="test_fetch_job_empty_url" time="0.127" /><testcase classname="backend.tests.test_iteration34_new_features.TestCoverLetterJobUrlFetch" name="test_fetch_job_invalid_url" time="0.336" /><testcase classname="backend.tests.test_iteration34_new_features.TestCoverLetterJobUrlFetch" name="test_fetch_job_with_real_url" time="2.022" /><testcase classname="backend.tests.test_iteration34_new_features.TestCoverLetterJobUrlFetch" name="test_fetch_job_response_structure" time="1.643" /><testcase classname="backend.tests.test_iteration34_new_features.TestCoverLetterGenerate" name="test_generate_endpoint_exists" time="2.740" /><testcase classname="backend.tests.test_iteration34_new_features.TestCoverLetterGenerate" name="test_generate_requires_content" time="0.136" /><testcase classname="backend.tests.test_iteration34_new_features.TestResumeUploadEndpoint" name="test_upload_endpoint_exists" time="0.123" /><testcase classname="backend.tests.test_iteration34_new_features.TestResumeUploadEndpoint" name="test_upload_requires_file" time="0.122" /><testcase classname="backend.tests.test_iteration34_new_features.TestHealthAndBasicEndpoints" name="test_api_health" time="0.115" /><testcase classname="backend.tests.test_iteration34_new_features.TestHealthAndBasicEndpoints" name="test_resume_pricing_endpoint" time="0.109" /><testcase classname="backend.tests.test_iteration34_new_features.TestHealthAndBasicEndpoints" name="test_resume_templates_endpoint" time="0.191" /></testsuite></testsuites>