<?xml version="1.0" encoding="utf-8"?><testsuites name="pytest tests"><testsuite name="pytest" errors="0" failures="0" skipped="0" tests="12" time="14.990" timestamp="2026-02-27T05:34:24.046735+00:00" hostname="agent-env-fe2eceb0-3e84-4c47-978b-4e835ea2a6d1"><testcase classname="backend.tests.test_iteration17_features.TestResumePricing" name="test_get_pricing_returns_valid_data" time="0.206" /><testcase classname="backend.tests.test_iteration17_features.TestResumeUpload" name="test_upload_pdf_returns_resume_data" time="0.173" /><testcase classname="backend.tests.test_iteration17_features.TestResumeUpload" name="test_upload_invalid_format_rejected" time="0.150" /><testcase classname="backend.tests.test_iteration17_features.TestResumeAnalysis" name="test_analyze_returns_scores_and_suggestions" time="2.289" /><testcase classname="backend.tests.test_iteration17_features.TestResumeAnalysis" name="test_analyze_nonexistent_resume_404" time="0.103" /><testcase classname="backend.tests.test_iteration17_features.TestResumeQuickFix" name="test_quick_fix_returns_fixed_text" time="4.335" /><testcase classname="backend.tests.test_iteration17_features.TestResumeImprove" name="test_improve_returns_improved_text" time="2.120" /><testcase classname="backend.tests.test_iteration17_features.TestResumeGetText" name="test_get_text_returns_text_and_filename" time="0.229" /><testcase classname="backend.tests.test_iteration17_features.TestResumeGetText" name="test_get_text_nonexistent_returns_404" time="0.107" /><testcase classname="backend.tests.test_iteration17_features.TestResumeLinkedIn" name="test_linkedin_returns_optimization_data" time="4.234" /><testcase classname="backend.tests.test_iteration17_features.TestResumeTemplates" name="test_get_templates_returns_list" time="0.167" /><testcase classname="backend.tests.test_iteration17_features.TestResumeCheckout" name="test_checkout_creates_stripe_session" time="0.751" /></testsuite></testsuites>