<?xml version="1.0" encoding="utf-8"?><testsuites name="pytest tests"><testsuite name="pytest" errors="0" failures="0" skipped="0" tests="18" time="3.173" timestamp="2026-03-09T12:58:43.666718+00:00" hostname="agent-env-702f87d4-3b8c-4be5-b0ce-a74d2469ccfd"><testcase classname="backend.tests.test_iteration33_login_admin_features.TestForgotPasswordFlow" name="test_forgot_password_endpoint_exists" time="0.201" /><testcase classname="backend.tests.test_iteration33_login_admin_features.TestForgotPasswordFlow" name="test_forgot_password_missing_email" time="0.133" /><testcase classname="backend.tests.test_iteration33_login_admin_features.TestForgotPasswordFlow" name="test_reset_password_missing_token" time="0.109" /><testcase classname="backend.tests.test_iteration33_login_admin_features.TestForgotPasswordFlow" name="test_reset_password_invalid_token" time="0.139" /><testcase classname="backend.tests.test_iteration33_login_admin_features.TestForgotPasswordFlow" name="test_reset_password_short_password" time="0.230" /><testcase classname="backend.tests.test_iteration33_login_admin_features.TestAdminPaidUsersManagement" name="test_get_paid_users_list" time="0.198" /><testcase classname="backend.tests.test_iteration33_login_admin_features.TestAdminPaidUsersManagement" name="test_grant_access_missing_resume_id" time="0.201" /><testcase classname="backend.tests.test_iteration33_login_admin_features.TestAdminPaidUsersManagement" name="test_grant_access_nonexistent_resume" time="0.170" /><testcase classname="backend.tests.test_iteration33_login_admin_features.TestAdminPaidUsersManagement" name="test_revoke_access_nonexistent" time="0.170" /><testcase classname="backend.tests.test_iteration33_login_admin_features.TestAdminPaidUsersManagement" name="test_admin_resume_list" time="0.254" /><testcase classname="backend.tests.test_iteration33_login_admin_features.TestAdminPaidUsersManagement" name="test_admin_resume_pricing" time="0.189" /><testcase classname="backend.tests.test_iteration33_login_admin_features.TestResumeUploadDeduplication" name="test_resume_upload_endpoint_exists" time="0.108" /><testcase classname="backend.tests.test_iteration33_login_admin_features.TestResumeUploadDeduplication" name="test_resume_pricing_public" time="0.135" /><testcase classname="backend.tests.test_iteration33_login_admin_features.TestUserAuthentication" name="test_user_login_endpoint" time="0.126" /><testcase classname="backend.tests.test_iteration33_login_admin_features.TestUserAuthentication" name="test_user_register_endpoint" time="0.111" /><testcase classname="backend.tests.test_iteration33_login_admin_features.TestUserAuthentication" name="test_user_register_duplicate_email" time="0.276" /><testcase classname="backend.tests.test_iteration33_login_admin_features.TestAdminAuthentication" name="test_admin_login" time="0.118" /><testcase classname="backend.tests.test_iteration33_login_admin_features.TestAdminAuthentication" name="test_admin_login_wrong_password" time="0.142" /></testsuite></testsuites>