<?xml version="1.0" encoding="utf-8"?><testsuites name="pytest tests"><testsuite name="pytest" errors="0" failures="0" skipped="1" tests="22" time="125.303" timestamp="2026-03-12T06:29:59.961527+00:00" hostname="agent-env-9d2971f5-62a3-449c-9055-950c3eabba8c"><testcase classname="backend.tests.test_ai_builder_extended.TestAIBuilderSettings" name="test_get_settings_returns_config" time="0.201" /><testcase classname="backend.tests.test_ai_builder_extended.TestAIBuilderEmailCollection" name="test_generate_requires_email" time="0.127" /><testcase classname="backend.tests.test_ai_builder_extended.TestAIBuilderEmailCollection" name="test_generate_validates_email_format" time="0.114" /><testcase classname="backend.tests.test_ai_builder_extended.TestAIBuilderEmailCollection" name="test_generate_with_valid_email" time="52.229" /><testcase classname="backend.tests.test_ai_builder_extended.TestAIBuilderHostingFlow" name="test_submit_domain_valid" time="0.311" /><testcase classname="backend.tests.test_ai_builder_extended.TestAIBuilderHostingFlow" name="test_submit_domain_invalid_format" time="0.106" /><testcase classname="backend.tests.test_ai_builder_extended.TestAIBuilderHostingFlow" name="test_select_hosting_waas" time="0.107" /><testcase classname="backend.tests.test_ai_builder_extended.TestAIBuilderHostingFlow" name="test_select_hosting_ewaas" time="0.108" /><testcase classname="backend.tests.test_ai_builder_extended.TestAIBuilderHostingFlow" name="test_select_hosting_download" time="0.298" /><testcase classname="backend.tests.test_ai_builder_extended.TestAIBuilderHostingFlow" name="test_select_hosting_invalid_type" time="0.102" /><testcase classname="backend.tests.test_ai_builder_extended.TestAIBuilderHostingFlow" name="test_confirm_payment" time="0.138" /><testcase classname="backend.tests.test_ai_builder_extended.TestAIBuilderDownload" name="test_download_returns_zip" time="0.594" /><testcase classname="backend.tests.test_ai_builder_extended.TestAIBuilderDownload" name="test_download_html_contains_branding" time="0.496" /><testcase classname="backend.tests.test_ai_builder_extended.TestAIBuilderDownload" name="test_download_css_contains_butterfly_animation" time="0.450" /><testcase classname="backend.tests.test_ai_builder_extended.TestAIBuilderDownload" name="test_download_not_found" time="0.102" /><testcase classname="backend.tests.test_ai_builder_extended.TestAIBuilderAdminStats" name="test_get_admin_stats" time="0.157" /><testcase classname="backend.tests.test_ai_builder_extended.TestAIBuilderAdminWebsites" name="test_get_admin_websites" time="0.106" /><testcase classname="backend.tests.test_ai_builder_extended.TestAIBuilderAdminWebsites" name="test_get_admin_websites_pagination" time="0.098" /><testcase classname="backend.tests.test_ai_builder_extended.TestAIBuilderAdminSettings" name="test_get_admin_settings" time="0.101" /><testcase classname="backend.tests.test_ai_builder_extended.TestAIBuilderAdminSettings" name="test_update_admin_settings" time="0.409" /><testcase classname="backend.tests.test_ai_builder_extended.TestAIBuilderAdminWebsiteDelete" name="test_delete_website" time="60.095"><skipped type="pytest.skip" message="Could not create website for deletion test">/app/backend/tests/test_ai_builder_extended.py:500: Could not create website for deletion test</skipped></testcase><testcase classname="backend.tests.test_ai_builder_extended.TestAIBuilderAdminWebsiteDelete" name="test_delete_website_not_found" time="8.710" /></testsuite></testsuites>