<?xml version="1.0" encoding="utf-8"?><testsuites name="pytest tests"><testsuite name="pytest" errors="0" failures="0" skipped="0" tests="28" time="9.969" timestamp="2026-02-26T11:27:34.019070+00:00" hostname="agent-env-6c367989-afb5-491f-b884-fbaf825984f6"><testcase classname="tests.test_new_features.TestGeoCurrencyAPI" name="test_get_geo_currency_returns_200" time="0.240" /><testcase classname="tests.test_new_features.TestGeoCurrencyAPI" name="test_admin_currency_settings_requires_auth" time="0.134" /><testcase classname="tests.test_new_features.TestGeoCurrencyAPI" name="test_update_currency_settings_requires_auth" time="0.139" /><testcase classname="tests.test_new_features.TestGeoCurrencyWithAuth" name="test_get_admin_currency_settings" time="0.173" /><testcase classname="tests.test_new_features.TestGeoCurrencyWithAuth" name="test_update_currency_settings" time="0.260" /><testcase classname="tests.test_new_features.TestMenusAPI" name="test_get_nav_menu_returns_200" time="0.153" /><testcase classname="tests.test_new_features.TestMenusAPI" name="test_get_footer_menu_returns_200" time="0.111" /><testcase classname="tests.test_new_features.TestMenusAPI" name="test_admin_menus_requires_auth" time="0.105" /><testcase classname="tests.test_new_features.TestMenusWithAuth" name="test_get_all_menus" time="0.157" /><testcase classname="tests.test_new_features.TestMenusWithAuth" name="test_create_update_delete_menu_item" time="0.427" /><testcase classname="tests.test_new_features.TestPublicUserAuthAPI" name="test_register_new_user" time="0.126" /><testcase classname="tests.test_new_features.TestPublicUserAuthAPI" name="test_register_duplicate_email_fails" time="0.206" /><testcase classname="tests.test_new_features.TestPublicUserAuthAPI" name="test_register_short_password_fails" time="0.117" /><testcase classname="tests.test_new_features.TestPublicUserAuthAPI" name="test_login_user" time="0.214" /><testcase classname="tests.test_new_features.TestPublicUserAuthAPI" name="test_login_invalid_credentials" time="0.102" /><testcase classname="tests.test_new_features.TestPublicUserAuthAPI" name="test_get_user_me_requires_auth" time="0.113" /><testcase classname="tests.test_new_features.TestPublicUserAuthAPI" name="test_full_auth_flow" time="0.261" /><testcase classname="tests.test_new_features.TestUserDashboardAPI" name="test_dashboard_requires_auth" time="0.114" /><testcase classname="tests.test_new_features.TestUserDashboardAPI" name="test_dashboard_returns_user_data" time="0.165" /><testcase classname="tests.test_new_features.TestResumeTemplatesAPI" name="test_get_public_templates" time="0.107" /><testcase classname="tests.test_new_features.TestResumeTemplatesAPI" name="test_admin_templates_requires_auth" time="0.103" /><testcase classname="tests.test_new_features.TestAdminTemplatesWithAuth" name="test_admin_get_all_templates" time="0.176" /><testcase classname="tests.test_new_features.TestAdminTemplatesWithAuth" name="test_admin_create_update_delete_template" time="0.317" /><testcase classname="tests.test_new_features.TestCoverLetterAPI" name="test_generate_cover_letter_without_auth" time="2.920" /><testcase classname="tests.test_new_features.TestCoverLetterAPI" name="test_cover_letter_requires_input" time="0.152" /><testcase classname="tests.test_new_features.TestCoverLetterAPI" name="test_get_cover_letter_by_id" time="2.387" /><testcase classname="tests.test_new_features.TestResumeImprovePaywallChange" name="test_resume_improve_works_without_payment" time="0.265" /><testcase classname="tests.test_new_features.TestDownloadAccessAPI" name="test_download_access_endpoint_exists" time="0.120" /></testsuite></testsuites>