<?xml version="1.0" encoding="utf-8"?><testsuites name="pytest tests"><testsuite name="pytest" errors="0" failures="0" skipped="0" tests="35" time="10.021" timestamp="2026-02-25T17:56:59.115094+00:00" hostname="agent-env-d29d76d7-ca75-4b04-8b8b-66b55f954995"><testcase classname="backend.tests.test_about_and_dio_features.TestAboutPageAPI" name="test_get_about_content_returns_200" time="0.243" /><testcase classname="backend.tests.test_about_and_dio_features.TestAboutPageAPI" name="test_about_content_has_required_fields" time="0.174" /><testcase classname="backend.tests.test_about_and_dio_features.TestAboutPageAPI" name="test_about_settings_requires_auth" time="0.178" /><testcase classname="backend.tests.test_about_and_dio_features.TestAboutPageAPI" name="test_about_settings_put_requires_auth" time="0.113" /><testcase classname="backend.tests.test_about_and_dio_features.TestAboutAPIWithAuth" name="test_get_about_settings_with_auth" time="0.200" /><testcase classname="backend.tests.test_about_and_dio_features.TestDioChatAPI" name="test_chat_endpoint_exists" time="3.981" /><testcase classname="backend.tests.test_about_and_dio_features.TestDioChatAPI" name="test_chat_history_endpoint_exists" time="0.212" /><testcase classname="backend.tests.test_about_and_dio_features.TestColorAccentOnHomepage" name="test_homepage_content_has_color_schemes" time="0.182" /><testcase classname="backend.tests.test_homepage_features.TestHomepageContentAPI" name="test_homepage_content_returns_200" time="0.126" /><testcase classname="backend.tests.test_homepage_features.TestHomepageContentAPI" name="test_homepage_content_has_required_fields" time="0.212" /><testcase classname="backend.tests.test_homepage_features.TestHomepageContentAPI" name="test_homepage_settings_structure" time="0.160" /><testcase classname="backend.tests.test_homepage_features.TestHomepageContentAPI" name="test_hero_variants_structure" time="0.153" /><testcase classname="backend.tests.test_homepage_features.TestHomepageContentAPI" name="test_color_schemes_structure" time="0.215" /><testcase classname="backend.tests.test_homepage_features.TestHomepageContentAPI" name="test_stats_section_data" time="0.351" /><testcase classname="backend.tests.test_homepage_features.TestSectionOrdering" name="test_section_order_in_model" time="0.172" /><testcase classname="backend.tests.test_homepage_features.TestGeoCurrencyAPI" name="test_geo_currency_default" time="0.202" /><testcase classname="backend.tests.test_homepage_features.TestGeoCurrencyAPI" name="test_geo_currency_india" time="0.136" /><testcase classname="backend.tests.test_homepage_features.TestGeoCurrencyAPI" name="test_geo_currency_germany" time="0.158" /><testcase classname="backend.tests.test_homepage_features.TestGeoCurrencyAPI" name="test_geo_currency_usa" time="0.106" /><testcase classname="backend.tests.test_homepage_features.TestGeoCurrencyAPI" name="test_geo_currency_uk" time="0.167" /><testcase classname="backend.tests.test_homepage_features.TestGeoCurrencyAPI" name="test_geo_currency_italy" time="0.129" /><testcase classname="backend.tests.test_homepage_features.TestGeoCurrencyAPI" name="test_homepage_content_with_india_currency" time="0.156" /><testcase classname="backend.tests.test_homepage_features.TestFeaturedSections" name="test_featured_blog_posts" time="0.199" /><testcase classname="backend.tests.test_homepage_features.TestFeaturedSections" name="test_featured_products" time="0.195" /><testcase classname="backend.tests.test_homepage_features.TestAdminHomepageAPIs" name="test_homepage_settings_requires_auth" time="0.147" /><testcase classname="backend.tests.test_homepage_features.TestAdminHomepageAPIs" name="test_hero_variants_requires_auth" time="0.264" /><testcase classname="backend.tests.test_homepage_features.TestAdminHomepageAPIs" name="test_color_schemes_requires_auth" time="0.121" /><testcase classname="backend.tests.test_homepage_features.TestAdminHomepageAPIs" name="test_featured_items_requires_auth" time="0.113" /><testcase classname="backend.tests.test_homepage_features.TestAdminUsersAPI" name="test_admin_users_requires_auth" time="0.155" /><testcase classname="backend.tests.test_homepage_features.TestAdminUsersAPI" name="test_add_admin_requires_auth" time="0.252" /><testcase classname="backend.tests.test_homepage_features.TestExistingAPIs" name="test_services_api" time="0.154" /><testcase classname="backend.tests.test_homepage_features.TestExistingAPIs" name="test_products_api" time="0.190" /><testcase classname="backend.tests.test_homepage_features.TestExistingAPIs" name="test_portfolio_api" time="0.124" /><testcase classname="backend.tests.test_homepage_features.TestExistingAPIs" name="test_blog_api" time="0.149" /><testcase classname="backend.tests.test_homepage_features.TestExistingAPIs" name="test_testimonials_api" time="0.159" /></testsuite></testsuites>