<?xml version="1.0" encoding="utf-8"?><testsuites name="pytest tests"><testsuite name="pytest" errors="0" failures="0" skipped="0" tests="25" time="4.302" timestamp="2026-02-25T15:35:21.984159+00:00" hostname="agent-env-f1959196-4bdd-42a7-8a63-478f83e158ee"><testcase classname="backend.tests.test_homepage_features.TestHomepageContentAPI" name="test_homepage_content_returns_200" time="0.187" /><testcase classname="backend.tests.test_homepage_features.TestHomepageContentAPI" name="test_homepage_content_has_required_fields" time="0.165" /><testcase classname="backend.tests.test_homepage_features.TestHomepageContentAPI" name="test_homepage_settings_structure" time="0.195" /><testcase classname="backend.tests.test_homepage_features.TestHomepageContentAPI" name="test_hero_variants_structure" time="0.212" /><testcase classname="backend.tests.test_homepage_features.TestHomepageContentAPI" name="test_color_schemes_structure" time="0.136" /><testcase classname="backend.tests.test_homepage_features.TestHomepageContentAPI" name="test_stats_section_data" time="0.347" /><testcase classname="backend.tests.test_homepage_features.TestGeoCurrencyAPI" name="test_geo_currency_default" time="0.203" /><testcase classname="backend.tests.test_homepage_features.TestGeoCurrencyAPI" name="test_geo_currency_india" time="0.142" /><testcase classname="backend.tests.test_homepage_features.TestGeoCurrencyAPI" name="test_geo_currency_germany" time="0.155" /><testcase classname="backend.tests.test_homepage_features.TestGeoCurrencyAPI" name="test_geo_currency_usa" time="0.161" /><testcase classname="backend.tests.test_homepage_features.TestGeoCurrencyAPI" name="test_geo_currency_uk" time="0.171" /><testcase classname="backend.tests.test_homepage_features.TestGeoCurrencyAPI" name="test_homepage_content_with_india_currency" time="0.141" /><testcase classname="backend.tests.test_homepage_features.TestFeaturedSections" name="test_featured_blog_posts" time="0.144" /><testcase classname="backend.tests.test_homepage_features.TestFeaturedSections" name="test_featured_products" time="0.162" /><testcase classname="backend.tests.test_homepage_features.TestAdminHomepageAPIs" name="test_homepage_settings_requires_auth" time="0.132" /><testcase classname="backend.tests.test_homepage_features.TestAdminHomepageAPIs" name="test_hero_variants_requires_auth" time="0.192" /><testcase classname="backend.tests.test_homepage_features.TestAdminHomepageAPIs" name="test_color_schemes_requires_auth" time="0.162" /><testcase classname="backend.tests.test_homepage_features.TestAdminHomepageAPIs" name="test_featured_items_requires_auth" time="0.171" /><testcase classname="backend.tests.test_homepage_features.TestAdminUsersAPI" name="test_admin_users_requires_auth" time="0.159" /><testcase classname="backend.tests.test_homepage_features.TestAdminUsersAPI" name="test_add_admin_requires_auth" time="0.203" /><testcase classname="backend.tests.test_homepage_features.TestExistingAPIs" name="test_services_api" time="0.133" /><testcase classname="backend.tests.test_homepage_features.TestExistingAPIs" name="test_products_api" time="0.118" /><testcase classname="backend.tests.test_homepage_features.TestExistingAPIs" name="test_portfolio_api" time="0.158" /><testcase classname="backend.tests.test_homepage_features.TestExistingAPIs" name="test_blog_api" time="0.137" /><testcase classname="backend.tests.test_homepage_features.TestExistingAPIs" name="test_testimonials_api" time="0.125" /></testsuite></testsuites>