<?xml version="1.0" encoding="utf-8"?><testsuites name="pytest tests"><testsuite name="pytest" errors="0" failures="0" skipped="0" tests="26" time="4.079" timestamp="2026-02-26T12:43:19.591919+00:00" hostname="agent-env-403c0fd7-75f2-43d4-99e6-e02bdfcc9f4b"><testcase classname="tests.test_backend_refactored_routes.TestRootAndConfig" name="test_api_root" time="0.218" /><testcase classname="tests.test_backend_refactored_routes.TestRootAndConfig" name="test_subdomain_config" time="0.161" /><testcase classname="tests.test_backend_refactored_routes.TestAdminAuth" name="test_admin_login_success" time="0.136" /><testcase classname="tests.test_backend_refactored_routes.TestAdminAuth" name="test_admin_login_invalid_credentials" time="0.114" /><testcase classname="tests.test_backend_refactored_routes.TestAdminAuth" name="test_auth_me_unauthorized" time="0.134" /><testcase classname="tests.test_backend_refactored_routes.TestPublicAuth" name="test_user_register" time="0.117" /><testcase classname="tests.test_backend_refactored_routes.TestPublicAuth" name="test_user_register_duplicate" time="0.229" /><testcase classname="tests.test_backend_refactored_routes.TestPublicAuth" name="test_user_login" time="0.261" /><testcase classname="tests.test_backend_refactored_routes.TestPublicAuth" name="test_user_login_invalid" time="0.117" /><testcase classname="tests.test_backend_refactored_routes.TestContentRoutes" name="test_get_services" time="0.129" /><testcase classname="tests.test_backend_refactored_routes.TestContentRoutes" name="test_get_products" time="0.105" /><testcase classname="tests.test_backend_refactored_routes.TestResumeRoutes" name="test_resume_pricing" time="0.105" /><testcase classname="tests.test_backend_refactored_routes.TestResumeRoutes" name="test_resume_templates" time="0.128" /><testcase classname="tests.test_backend_refactored_routes.TestResumeRoutes" name="test_linkedin_scrape" time="0.648" /><testcase classname="tests.test_backend_refactored_routes.TestResumeRoutes" name="test_linkedin_scrape_invalid_url" time="0.110" /><testcase classname="tests.test_backend_refactored_routes.TestChatbotRoutes" name="test_chatbot_greeting" time="0.133" /><testcase classname="tests.test_backend_refactored_routes.TestHomepageRoutes" name="test_homepage_content" time="0.107" /><testcase classname="tests.test_backend_refactored_routes.TestHomepageRoutes" name="test_about_content" time="0.112" /><testcase classname="tests.test_backend_refactored_routes.TestBuilderRoutes" name="test_builder_categories" time="0.118" /><testcase classname="tests.test_backend_refactored_routes.TestGoogleDriveRoutes" name="test_drive_status" time="0.106" /><testcase classname="tests.test_backend_refactored_routes.TestMenuRoutes" name="test_nav_menu" time="0.101" /><testcase classname="tests.test_backend_refactored_routes.TestMenuRoutes" name="test_footer_menu" time="0.118" /><testcase classname="tests.test_backend_refactored_routes.TestOtherEndpoints" name="test_testimonials" time="0.107" /><testcase classname="tests.test_backend_refactored_routes.TestOtherEndpoints" name="test_portfolio" time="0.105" /><testcase classname="tests.test_backend_refactored_routes.TestOtherEndpoints" name="test_blog" time="0.130" /><testcase classname="tests.test_backend_refactored_routes.TestOtherEndpoints" name="test_settings" time="0.130" /></testsuite></testsuites>