<?xml version="1.0" encoding="utf-8"?><testsuites name="pytest tests"><testsuite name="pytest" errors="0" failures="0" skipped="0" tests="10" time="5.688" timestamp="2026-03-05T13:31:07.611176+00:00" hostname="agent-env-35b7d5d2-e279-4ed0-882b-267b6e567f72"><testcase classname="backend.tests.test_resume_builder_pricing.TestResumePricingAPI" name="test_get_resume_pricing_returns_200" time="0.195" /><testcase classname="backend.tests.test_resume_builder_pricing.TestResumePricingAPI" name="test_get_resume_pricing_returns_correct_format" time="0.104" /><testcase classname="backend.tests.test_resume_builder_pricing.TestResumePricingAPI" name="test_get_resume_pricing_default_disabled" time="0.110" /><testcase classname="backend.tests.test_resume_builder_pricing.TestResumePricingAPI" name="test_get_resume_pricing_has_product_info" time="0.113" /><testcase classname="backend.tests.test_resume_builder_pricing.TestResumeBuilderAIEndpoints" name="test_generate_summary_endpoint_exists" time="1.202" /><testcase classname="backend.tests.test_resume_builder_pricing.TestResumeBuilderAIEndpoints" name="test_generate_experience_endpoint_exists" time="1.549" /><testcase classname="backend.tests.test_resume_builder_pricing.TestResumeBuilderAIEndpoints" name="test_generate_skills_endpoint_exists" time="1.923" /><testcase classname="backend.tests.test_resume_builder_pricing.TestResumeBuilderAIEndpoints" name="test_generate_summary_requires_job_title" time="0.131" /><testcase classname="backend.tests.test_resume_builder_pricing.TestResumeBuilderExport" name="test_export_docx_endpoint_exists" time="0.169" /><testcase classname="backend.tests.test_resume_builder_pricing.TestResumeBuilderExport" name="test_export_docx_returns_base64" time="0.140" /></testsuite></testsuites>