<?xml version="1.0" encoding="utf-8"?><testsuites name="pytest tests"><testsuite name="pytest" errors="0" failures="0" skipped="3" tests="13" time="4.794" timestamp="2026-02-26T04:45:31.119209+00:00" hostname="agent-env-d29d76d7-ca75-4b04-8b8b-66b55f954995"><testcase classname="backend.tests.test_resume_optimizer.TestResumePricing" name="test_get_resume_pricing" time="0.328" /><testcase classname="backend.tests.test_resume_optimizer.TestResumeUpload" name="test_upload_pdf_resume" time="0.198" /><testcase classname="backend.tests.test_resume_optimizer.TestResumeUpload" name="test_upload_rejects_non_pdf_docx" time="0.115" /><testcase classname="backend.tests.test_resume_optimizer.TestResumeUpload" name="test_upload_rejects_jpg_image" time="0.104" /><testcase classname="backend.tests.test_resume_optimizer.TestResumeAnalysis" name="test_analyze_resume_returns_structured_analysis" time="2.538" /><testcase classname="backend.tests.test_resume_optimizer.TestPaymentRequired" name="test_improve_requires_payment" time="0.110"><skipped type="pytest.skip" message="Upload failed">/app/backend/tests/test_resume_optimizer.py:184: Upload failed</skipped></testcase><testcase classname="backend.tests.test_resume_optimizer.TestPaymentRequired" name="test_linkedin_requires_payment" time="0.122"><skipped type="pytest.skip" message="Upload failed">/app/backend/tests/test_resume_optimizer.py:214: Upload failed</skipped></testcase><testcase classname="backend.tests.test_resume_optimizer.TestPaymentStatus" name="test_payment_status_unpaid" time="0.105"><skipped type="pytest.skip" message="Upload failed">/app/backend/tests/test_resume_optimizer.py:248: Upload failed</skipped></testcase><testcase classname="backend.tests.test_resume_optimizer.TestAdminEndpoints" name="test_admin_get_pricing" time="0.301" /><testcase classname="backend.tests.test_resume_optimizer.TestAdminEndpoints" name="test_admin_update_pricing" time="0.319" /><testcase classname="backend.tests.test_resume_optimizer.TestAdminEndpoints" name="test_admin_analytics" time="0.225" /><testcase classname="backend.tests.test_resume_optimizer.TestAdminAuthRequired" name="test_admin_pricing_requires_auth" time="0.160" /><testcase classname="backend.tests.test_resume_optimizer.TestAdminAuthRequired" name="test_admin_analytics_requires_auth" time="0.102" /></testsuite></testsuites>