<?xml version="1.0" encoding="utf-8"?><testsuites name="pytest tests"><testsuite name="pytest" errors="0" failures="1" skipped="0" tests="13" time="4.143" timestamp="2026-02-26T04:46:19.776217+00:00" hostname="agent-env-d29d76d7-ca75-4b04-8b8b-66b55f954995"><testcase classname="backend.tests.test_resume_optimizer.TestResumePricing" name="test_get_resume_pricing" time="0.183"><failure message="AssertionError: Expected 200, got 500&#10;assert 500 == 200&#10; +  where 500 = &lt;Response [500]&gt;.status_code">backend/tests/test_resume_optimizer.py:19: in test_get_resume_pricing
    assert response.status_code == 200, f"Expected 200, got {response.status_code}"
E   AssertionError: Expected 200, got 500
E   assert 500 == 200
E    +  where 500 = &lt;Response [500]&gt;.status_code</failure></testcase><testcase classname="backend.tests.test_resume_optimizer.TestResumeUpload" name="test_upload_pdf_resume" time="0.166" /><testcase classname="backend.tests.test_resume_optimizer.TestResumeUpload" name="test_upload_rejects_non_pdf_docx" time="0.117" /><testcase classname="backend.tests.test_resume_optimizer.TestResumeUpload" name="test_upload_rejects_jpg_image" time="0.127" /><testcase classname="backend.tests.test_resume_optimizer.TestResumeAnalysis" name="test_analyze_resume_returns_structured_analysis" time="2.162" /><testcase classname="backend.tests.test_resume_optimizer.TestPaymentRequired" name="test_improve_requires_payment" time="0.117" /><testcase classname="backend.tests.test_resume_optimizer.TestPaymentRequired" name="test_linkedin_requires_payment" time="0.107" /><testcase classname="backend.tests.test_resume_optimizer.TestPaymentStatus" name="test_payment_status_unpaid" time="0.105" /><testcase classname="backend.tests.test_resume_optimizer.TestAdminEndpoints" name="test_admin_get_pricing" time="0.234" /><testcase classname="backend.tests.test_resume_optimizer.TestAdminEndpoints" name="test_admin_update_pricing" time="0.303" /><testcase classname="backend.tests.test_resume_optimizer.TestAdminEndpoints" name="test_admin_analytics" time="0.218" /><testcase classname="backend.tests.test_resume_optimizer.TestAdminAuthRequired" name="test_admin_pricing_requires_auth" time="0.105" /><testcase classname="backend.tests.test_resume_optimizer.TestAdminAuthRequired" name="test_admin_analytics_requires_auth" time="0.108" /></testsuite></testsuites>