<?xml version="1.0" encoding="utf-8"?><testsuites name="pytest tests"><testsuite name="pytest" errors="0" failures="0" skipped="0" tests="11" time="14.987" timestamp="2026-02-26T12:05:14.597411+00:00" hostname="agent-env-6c367989-afb5-491f-b884-fbaf825984f6"><testcase classname="tests.test_visual_templates_v2.TestResumeTemplates" name="test_templates_endpoint_returns_5_templates" time="0.182" /><testcase classname="tests.test_visual_templates_v2.TestResumeTemplates" name="test_templates_have_prompt_instruction" time="0.117" /><testcase classname="tests.test_visual_templates_v2.TestResumeTemplates" name="test_templates_have_style_and_preview" time="0.142" /><testcase classname="tests.test_visual_templates_v2.TestResumeTemplates" name="test_template_names_are_professional" time="0.109" /><testcase classname="tests.test_visual_templates_v2.TestResumeUploadAndAnalyze" name="test_upload_resume_docx" time="0.128" /><testcase classname="tests.test_visual_templates_v2.TestResumeUploadAndAnalyze" name="test_analyze_resume_returns_scores" time="2.355" /><testcase classname="tests.test_visual_templates_v2.TestResumeImprove" name="test_improve_produces_clean_text_no_markdown" time="3.109" /><testcase classname="tests.test_visual_templates_v2.TestResumeImprove" name="test_improve_with_template_id" time="3.263" /><testcase classname="tests.test_visual_templates_v2.TestResumeImprove" name="test_force_regenerate_overwrites_cached" time="5.194" /><testcase classname="tests.test_visual_templates_v2.TestDownloadAccess" name="test_download_access_requires_resume_id" time="0.099" /><testcase classname="tests.test_visual_templates_v2.TestDownloadAccess" name="test_download_access_returns_has_access" time="0.219" /></testsuite></testsuites>