<?xml version="1.0" encoding="utf-8"?><testsuites name="pytest tests"><testsuite name="pytest" errors="0" failures="0" skipped="0" tests="8" time="11.180" timestamp="2026-02-26T11:50:53.336961+00:00" hostname="agent-env-6c367989-afb5-491f-b884-fbaf825984f6"><testcase classname="backend.tests.test_visual_templates.TestTemplatesWithPreview" name="test_templates_return_5_templates" time="0.131" /><testcase classname="backend.tests.test_visual_templates.TestTemplatesWithPreview" name="test_templates_have_preview_metadata" time="0.104" /><testcase classname="backend.tests.test_visual_templates.TestTemplatesWithPreview" name="test_templates_have_prompt_instruction" time="0.101" /><testcase classname="backend.tests.test_visual_templates.TestCleanTextOutput" name="test_improve_with_template_produces_clean_text" time="2.721" /><testcase classname="backend.tests.test_visual_templates.TestCleanTextOutput" name="test_force_regenerate_allows_template_change" time="7.747" /><testcase classname="backend.tests.test_visual_templates.TestDownloadAccess" name="test_download_access_returns_has_access_field" time="0.103" /><testcase classname="backend.tests.test_visual_templates.TestDownloadAccess" name="test_download_access_requires_resume_id" time="0.103" /><testcase classname="backend.tests.test_visual_templates.TestTemplateNames" name="test_template_names_are_professional" time="0.121" /></testsuite></testsuites>